<?xml version="1.0" encoding="UTF-8"?>
<coverage generated="1643192989200" clover="3.2.0">
  <project timestamp="1643192989200" name="All files">
    <metrics statements="226" coveredstatements="141" conditionals="26" coveredconditionals="19" methods="85" coveredmethods="57" elements="337" coveredelements="217" complexity="0" loc="226" ncloc="226" packages="20" files="42" classes="42"/>
    <package name="src">
      <metrics statements="13" coveredstatements="0" conditionals="4" coveredconditionals="0" methods="4" coveredmethods="0"/>
      <file name="App.tsx" path="/home/manishv/Internship-files/React/blinkist/src/App.tsx">
        <metrics statements="1" coveredstatements="0" conditionals="0" coveredconditionals="0" methods="1" coveredmethods="0"/>
        <line num="9" count="0" type="stmt"/>
      </file>
      <file name="CustomThemeProvider.tsx" path="/home/manishv/Internship-files/React/blinkist/src/CustomThemeProvider.tsx">
        <metrics statements="1" coveredstatements="0" conditionals="0" coveredconditionals="0" methods="1" coveredmethods="0"/>
        <line num="9" count="0" type="stmt"/>
      </file>
      <file name="Theme.ts" path="/home/manishv/Internship-files/React/blinkist/src/Theme.ts">
        <metrics statements="1" coveredstatements="0" conditionals="0" coveredconditionals="0" methods="0" coveredmethods="0"/>
        <line num="3" count="0" type="stmt"/>
      </file>
      <file name="index.tsx" path="/home/manishv/Internship-files/React/blinkist/src/index.tsx">
        <metrics statements="2" coveredstatements="0" conditionals="0" coveredconditionals="0" methods="0" coveredmethods="0"/>
        <line num="7" count="0" type="stmt"/>
        <line num="17" count="0" type="stmt"/>
      </file>
      <file name="reportWebVitals.ts" path="/home/manishv/Internship-files/React/blinkist/src/reportWebVitals.ts">
        <metrics statements="8" coveredstatements="0" conditionals="4" coveredconditionals="0" methods="2" coveredmethods="0"/>
        <line num="3" count="0" type="stmt"/>
        <line num="4" count="0" type="cond" truecount="0" falsecount="4"/>
        <line num="5" count="0" type="stmt"/>
        <line num="6" count="0" type="stmt"/>
        <line num="7" count="0" type="stmt"/>
        <line num="8" count="0" type="stmt"/>
        <line num="9" count="0" type="stmt"/>
        <line num="10" count="0" type="stmt"/>
      </file>
    </package>
    <package name="src.BasicTemplate">
      <metrics statements="4" coveredstatements="0" conditionals="0" coveredconditionals="0" methods="2" coveredmethods="0"/>
      <file name="BasicTemplate.stories.tsx" path="/home/manishv/Internship-files/React/blinkist/src/BasicTemplate/BasicTemplate.stories.tsx">
        <metrics statements="3" coveredstatements="0" conditionals="0" coveredconditionals="0" methods="1" coveredmethods="0"/>
        <line num="8" count="0" type="stmt"/>
        <line num="10" count="0" type="stmt"/>
        <line num="14" count="0" type="stmt"/>
      </file>
      <file name="BasicTemplate.tsx" path="/home/manishv/Internship-files/React/blinkist/src/BasicTemplate/BasicTemplate.tsx">
        <metrics statements="1" coveredstatements="0" conditionals="0" coveredconditionals="0" methods="1" coveredmethods="0"/>
        <line num="3" count="0" type="stmt"/>
      </file>
    </package>
    <package name="src.components.Pages.BookDetailsPage">
      <metrics statements="4" coveredstatements="1" conditionals="0" coveredconditionals="0" methods="2" coveredmethods="1"/>
      <file name="BookDetailsPage.stories.tsx" path="/home/manishv/Internship-files/React/blinkist/src/components/Pages/BookDetailsPage/BookDetailsPage.stories.tsx">
        <metrics statements="3" coveredstatements="0" conditionals="0" coveredconditionals="0" methods="1" coveredmethods="0"/>
        <line num="9" count="0" type="stmt"/>
        <line num="10" count="0" type="stmt"/>
        <line num="17" count="0" type="stmt"/>
      </file>
      <file name="BookDetailsPage.tsx" path="/home/manishv/Internship-files/React/blinkist/src/components/Pages/BookDetailsPage/BookDetailsPage.tsx">
        <metrics statements="1" coveredstatements="1" conditionals="0" coveredconditionals="0" methods="1" coveredmethods="1"/>
        <line num="5" count="3" type="stmt"/>
      </file>
    </package>
    <package name="src.components.Pages.EnterpreneurshipPage">
      <metrics statements="4" coveredstatements="0" conditionals="0" coveredconditionals="0" methods="2" coveredmethods="0"/>
      <file name="EnterpreneurshipPage.stories.tsx" path="/home/manishv/Internship-files/React/blinkist/src/components/Pages/EnterpreneurshipPage/EnterpreneurshipPage.stories.tsx">
        <metrics statements="3" coveredstatements="0" conditionals="0" coveredconditionals="0" methods="1" coveredmethods="0"/>
        <line num="9" count="0" type="stmt"/>
        <line num="10" count="0" type="stmt"/>
        <line num="17" count="0" type="stmt"/>
      </file>
      <file name="EnterpreneurshipPage.tsx" path="/home/manishv/Internship-files/React/blinkist/src/components/Pages/EnterpreneurshipPage/EnterpreneurshipPage.tsx">
        <metrics statements="1" coveredstatements="0" conditionals="0" coveredconditionals="0" methods="1" coveredmethods="0"/>
        <line num="6" count="0" type="stmt"/>
      </file>
    </package>
    <package name="src.components.Pages.MyLibraryPage">
      <metrics statements="4" coveredstatements="0" conditionals="0" coveredconditionals="0" methods="2" coveredmethods="0"/>
      <file name="MyLibraryPage.stories.tsx" path="/home/manishv/Internship-files/React/blinkist/src/components/Pages/MyLibraryPage/MyLibraryPage.stories.tsx">
        <metrics statements="3" coveredstatements="0" conditionals="0" coveredconditionals="0" methods="1" coveredmethods="0"/>
        <line num="9" count="0" type="stmt"/>
        <line num="10" count="0" type="stmt"/>
        <line num="17" count="0" type="stmt"/>
      </file>
      <file name="MyLibraryPage.tsx" path="/home/manishv/Internship-files/React/blinkist/src/components/Pages/MyLibraryPage/MyLibraryPage.tsx">
        <metrics statements="1" coveredstatements="0" conditionals="0" coveredconditionals="0" methods="1" coveredmethods="0"/>
        <line num="6" count="0" type="stmt"/>
      </file>
    </package>
    <package name="src.components.Template">
      <metrics statements="1" coveredstatements="1" conditionals="0" coveredconditionals="0" methods="1" coveredmethods="1"/>
      <file name="Template.tsx" path="/home/manishv/Internship-files/React/blinkist/src/components/Template/Template.tsx">
        <metrics statements="1" coveredstatements="1" conditionals="0" coveredconditionals="0" methods="1" coveredmethods="1"/>
        <line num="5" count="3" type="stmt"/>
      </file>
    </package>
    <package name="src.components.atoms.Avatar">
      <metrics statements="3" coveredstatements="1" conditionals="0" coveredconditionals="0" methods="2" coveredmethods="1"/>
      <file name="Avatar.stories.tsx" path="/home/manishv/Internship-files/React/blinkist/src/components/atoms/Avatar/Avatar.stories.tsx">
        <metrics statements="2" coveredstatements="0" conditionals="0" coveredconditionals="0" methods="1" coveredmethods="0"/>
        <line num="9" count="0" type="stmt"/>
        <line num="11" count="0" type="stmt"/>
      </file>
      <file name="CustomAvatar.tsx" path="/home/manishv/Internship-files/React/blinkist/src/components/atoms/Avatar/CustomAvatar.tsx">
        <metrics statements="1" coveredstatements="1" conditionals="0" coveredconditionals="0" methods="1" coveredmethods="1"/>
        <line num="5" count="1" type="stmt"/>
      </file>
    </package>
    <package name="src.components.atoms.Button">
      <metrics statements="5" coveredstatements="1" conditionals="0" coveredconditionals="0" methods="2" coveredmethods="1"/>
      <file name="Button.stories.tsx" path="/home/manishv/Internship-files/React/blinkist/src/components/atoms/Button/Button.stories.tsx">
        <metrics statements="4" coveredstatements="0" conditionals="0" coveredconditionals="0" methods="1" coveredmethods="0"/>
        <line num="9" count="0" type="stmt"/>
        <line num="10" count="0" type="stmt"/>
        <line num="16" count="0" type="stmt"/>
        <line num="17" count="0" type="stmt"/>
      </file>
      <file name="CustomButton.tsx" path="/home/manishv/Internship-files/React/blinkist/src/components/atoms/Button/CustomButton.tsx">
        <metrics statements="1" coveredstatements="1" conditionals="0" coveredconditionals="0" methods="1" coveredmethods="1"/>
        <line num="3" count="110" type="stmt"/>
      </file>
    </package>
    <package name="src.components.atoms.Logo">
      <metrics statements="2" coveredstatements="1" conditionals="0" coveredconditionals="0" methods="2" coveredmethods="1"/>
      <file name="Logo.stories.tsx" path="/home/manishv/Internship-files/React/blinkist/src/components/atoms/Logo/Logo.stories.tsx">
        <metrics statements="1" coveredstatements="0" conditionals="0" coveredconditionals="0" methods="1" coveredmethods="0"/>
        <line num="8" count="0" type="stmt"/>
      </file>
      <file name="Logo.tsx" path="/home/manishv/Internship-files/React/blinkist/src/components/atoms/Logo/Logo.tsx">
        <metrics statements="1" coveredstatements="1" conditionals="0" coveredconditionals="0" methods="1" coveredmethods="1"/>
        <line num="8" count="14" type="stmt"/>
      </file>
    </package>
    <package name="src.components.atoms.Search">
      <metrics statements="4" coveredstatements="2" conditionals="0" coveredconditionals="0" methods="2" coveredmethods="1"/>
      <file name="CustomSearch.tsx" path="/home/manishv/Internship-files/React/blinkist/src/components/atoms/Search/CustomSearch.tsx">
        <metrics statements="2" coveredstatements="2" conditionals="0" coveredconditionals="0" methods="1" coveredmethods="1"/>
        <line num="8" count="3" type="stmt"/>
        <line num="9" count="20" type="stmt"/>
      </file>
      <file name="Search.stories.tsx" path="/home/manishv/Internship-files/React/blinkist/src/components/atoms/Search/Search.stories.tsx">
        <metrics statements="2" coveredstatements="0" conditionals="0" coveredconditionals="0" methods="1" coveredmethods="0"/>
        <line num="9" count="0" type="stmt"/>
        <line num="11" count="0" type="stmt"/>
      </file>
    </package>
    <package name="src.components.atoms.typography">
      <metrics statements="4" coveredstatements="1" conditionals="0" coveredconditionals="0" methods="2" coveredmethods="1"/>
      <file name="Typography.stories.tsx" path="/home/manishv/Internship-files/React/blinkist/src/components/atoms/typography/Typography.stories.tsx">
        <metrics statements="3" coveredstatements="0" conditionals="0" coveredconditionals="0" methods="1" coveredmethods="0"/>
        <line num="12" count="0" type="stmt"/>
        <line num="14" count="0" type="stmt"/>
        <line num="17" count="0" type="stmt"/>
      </file>
      <file name="Typographys.tsx" path="/home/manishv/Internship-files/React/blinkist/src/components/atoms/typography/Typographys.tsx">
        <metrics statements="1" coveredstatements="1" conditionals="0" coveredconditionals="0" methods="1" coveredmethods="1"/>
        <line num="10" count="1056" type="stmt"/>
      </file>
    </package>
    <package name="src.components.molecules.Banner">
      <metrics statements="6" coveredstatements="3" conditionals="0" coveredconditionals="0" methods="2" coveredmethods="1"/>
      <file name="Banner.stories.tsx" path="/home/manishv/Internship-files/React/blinkist/src/components/molecules/Banner/Banner.stories.tsx">
        <metrics statements="3" coveredstatements="0" conditionals="0" coveredconditionals="0" methods="1" coveredmethods="0"/>
        <line num="9" count="0" type="stmt"/>
        <line num="10" count="0" type="stmt"/>
        <line num="15" count="0" type="stmt"/>
      </file>
      <file name="Banner.tsx" path="/home/manishv/Internship-files/React/blinkist/src/components/molecules/Banner/Banner.tsx">
        <metrics statements="3" coveredstatements="3" conditionals="0" coveredconditionals="0" methods="1" coveredmethods="1"/>
        <line num="6" count="3" type="stmt"/>
        <line num="35" count="3" type="stmt"/>
        <line num="36" count="3" type="stmt"/>
      </file>
    </package>
    <package name="src.components.molecules.Card">
      <metrics statements="12" coveredstatements="4" conditionals="6" coveredconditionals="6" methods="2" coveredmethods="1"/>
      <file name="Card.stories.tsx" path="/home/manishv/Internship-files/React/blinkist/src/components/molecules/Card/Card.stories.tsx">
        <metrics statements="8" coveredstatements="0" conditionals="0" coveredconditionals="0" methods="1" coveredmethods="0"/>
        <line num="9" count="0" type="stmt"/>
        <line num="10" count="0" type="stmt"/>
        <line num="17" count="0" type="stmt"/>
        <line num="18" count="0" type="stmt"/>
        <line num="24" count="0" type="stmt"/>
        <line num="25" count="0" type="stmt"/>
        <line num="31" count="0" type="stmt"/>
        <line num="32" count="0" type="stmt"/>
      </file>
      <file name="Card.tsx" path="/home/manishv/Internship-files/React/blinkist/src/components/molecules/Card/Card.tsx">
        <metrics statements="4" coveredstatements="4" conditionals="6" coveredconditionals="6" methods="1" coveredmethods="1"/>
        <line num="26" count="3" type="stmt"/>
        <line num="28" count="33" type="stmt"/>
        <line num="50" count="33" type="stmt"/>
        <line num="51" count="33" type="stmt"/>
      </file>
    </package>
    <package name="src.components.molecules.Footer">
      <metrics statements="7" coveredstatements="4" conditionals="0" coveredconditionals="0" methods="2" coveredmethods="1"/>
      <file name="Footer.stories.tsx" path="/home/manishv/Internship-files/React/blinkist/src/components/molecules/Footer/Footer.stories.tsx">
        <metrics statements="3" coveredstatements="0" conditionals="0" coveredconditionals="0" methods="1" coveredmethods="0"/>
        <line num="13" count="0" type="stmt"/>
        <line num="14" count="0" type="stmt"/>
        <line num="21" count="0" type="stmt"/>
      </file>
      <file name="Footer.tsx" path="/home/manishv/Internship-files/React/blinkist/src/components/molecules/Footer/Footer.tsx">
        <metrics statements="4" coveredstatements="4" conditionals="0" coveredconditionals="0" methods="1" coveredmethods="1"/>
        <line num="5" count="2" type="stmt"/>
        <line num="6" count="5" type="stmt"/>
        <line num="36" count="5" type="stmt"/>
        <line num="37" count="5" type="stmt"/>
      </file>
    </package>
    <package name="src.components.organisms.BookDetails">
      <metrics statements="17" coveredstatements="10" conditionals="0" coveredconditionals="0" methods="4" coveredmethods="3"/>
      <file name="BookDetails.stories.tsx" path="/home/manishv/Internship-files/React/blinkist/src/components/organisms/BookDetails/BookDetails.stories.tsx">
        <metrics statements="3" coveredstatements="0" conditionals="0" coveredconditionals="0" methods="1" coveredmethods="0"/>
        <line num="9" count="0" type="stmt"/>
        <line num="10" count="0" type="stmt"/>
        <line num="17" count="0" type="stmt"/>
      </file>
      <file name="BookDetails.tsx" path="/home/manishv/Internship-files/React/blinkist/src/components/organisms/BookDetails/BookDetails.tsx">
        <metrics statements="14" coveredstatements="10" conditionals="0" coveredconditionals="0" methods="3" coveredmethods="3"/>
        <line num="14" count="13" type="stmt"/>
        <line num="15" count="13" type="stmt"/>
        <line num="48" count="13" type="stmt"/>
        <line num="49" count="13" type="stmt"/>
        <line num="50" count="13" type="stmt"/>
        <line num="51" count="1" type="stmt"/>
        <line num="52" count="1" type="stmt"/>
        <line num="53" count="0" type="stmt"/>
        <line num="54" count="0" type="stmt"/>
        <line num="55" count="0" type="stmt"/>
        <line num="60" count="0" type="stmt"/>
        <line num="62" count="13" type="stmt"/>
        <line num="63" count="2" type="stmt"/>
        <line num="65" count="13" type="stmt"/>
      </file>
    </package>
    <package name="src.components.organisms.Enterpreneurship">
      <metrics statements="28" coveredstatements="24" conditionals="4" coveredconditionals="3" methods="8" coveredmethods="7"/>
      <file name="Enterpreneurship.stories.tsx" path="/home/manishv/Internship-files/React/blinkist/src/components/organisms/Enterpreneurship/Enterpreneurship.stories.tsx">
        <metrics statements="3" coveredstatements="0" conditionals="0" coveredconditionals="0" methods="1" coveredmethods="0"/>
        <line num="9" count="0" type="stmt"/>
        <line num="10" count="0" type="stmt"/>
        <line num="17" count="0" type="stmt"/>
      </file>
      <file name="Enterpreneurship.tsx" path="/home/manishv/Internship-files/React/blinkist/src/components/organisms/Enterpreneurship/Enterpreneurship.tsx">
        <metrics statements="25" coveredstatements="24" conditionals="4" coveredconditionals="3" methods="7" coveredmethods="7"/>
        <line num="20" count="1" type="stmt"/>
        <line num="21" count="13" type="stmt"/>
        <line num="22" count="13" type="stmt"/>
        <line num="31" count="13" type="stmt"/>
        <line num="32" count="13" type="stmt"/>
        <line num="33" count="13" type="stmt"/>
        <line num="34" count="13" type="stmt"/>
        <line num="35" count="13" type="stmt"/>
        <line num="36" count="6" type="stmt"/>
        <line num="37" count="6" type="stmt"/>
        <line num="39" count="6" type="cond" truecount="2" falsecount="0"/>
        <line num="40" count="1" type="stmt"/>
        <line num="42" count="6" type="stmt"/>
        <line num="44" count="6" type="stmt"/>
        <line num="46" count="6" type="stmt"/>
        <line num="48" count="13" type="stmt"/>
        <line num="49" count="1" type="stmt"/>
        <line num="53" count="13" type="stmt"/>
        <line num="55" count="13" type="cond" truecount="1" falsecount="1"/>
        <line num="56" count="0" type="stmt"/>
        <line num="58" count="13" type="stmt"/>
        <line num="59" count="14" type="stmt"/>
        <line num="68" count="1" type="stmt"/>
        <line num="69" count="1" type="stmt"/>
        <line num="77" count="13" type="stmt"/>
      </file>
    </package>
    <package name="src.components.organisms.Explore">
      <metrics statements="58" coveredstatements="51" conditionals="6" coveredconditionals="5" methods="24" coveredmethods="22"/>
      <file name="Explore.stories.tsx" path="/home/manishv/Internship-files/React/blinkist/src/components/organisms/Explore/Explore.stories.tsx">
        <metrics statements="3" coveredstatements="0" conditionals="0" coveredconditionals="0" methods="1" coveredmethods="0"/>
        <line num="13" count="0" type="stmt"/>
        <line num="14" count="0" type="stmt"/>
        <line num="21" count="0" type="stmt"/>
      </file>
      <file name="Explore.tsx" path="/home/manishv/Internship-files/React/blinkist/src/components/organisms/Explore/Explore.tsx">
        <metrics statements="55" coveredstatements="51" conditionals="6" coveredconditionals="5" methods="23" coveredmethods="22"/>
        <line num="30" count="3" type="stmt"/>
        <line num="39" count="42" type="stmt"/>
        <line num="57" count="3" type="stmt"/>
        <line num="58" count="42" type="stmt"/>
        <line num="59" count="42" type="stmt"/>
        <line num="60" count="42" type="stmt"/>
        <line num="62" count="42" type="stmt"/>
        <line num="63" count="6" type="cond" truecount="1" falsecount="1"/>
        <line num="64" count="6" type="stmt"/>
        <line num="65" count="6" type="stmt"/>
        <line num="67" count="0" type="stmt"/>
        <line num="68" count="0" type="stmt"/>
        <line num="71" count="42" type="stmt"/>
        <line num="72" count="6" type="stmt"/>
        <line num="73" count="6" type="stmt"/>
        <line num="76" count="42" type="stmt"/>
        <line num="77" count="0" type="stmt"/>
        <line num="78" count="0" type="stmt"/>
        <line num="80" count="42" type="stmt"/>
        <line num="121" count="2" type="stmt"/>
        <line num="122" count="2" type="stmt"/>
        <line num="133" count="1" type="stmt"/>
        <line num="134" count="1" type="stmt"/>
        <line num="145" count="1" type="stmt"/>
        <line num="146" count="1" type="stmt"/>
        <line num="157" count="1" type="stmt"/>
        <line num="158" count="1" type="stmt"/>
        <line num="169" count="1" type="stmt"/>
        <line num="170" count="1" type="stmt"/>
        <line num="181" count="1" type="stmt"/>
        <line num="182" count="1" type="stmt"/>
        <line num="196" count="1" type="stmt"/>
        <line num="197" count="1" type="stmt"/>
        <line num="208" count="1" type="stmt"/>
        <line num="209" count="1" type="stmt"/>
        <line num="220" count="1" type="stmt"/>
        <line num="221" count="1" type="stmt"/>
        <line num="233" count="1" type="stmt"/>
        <line num="234" count="1" type="stmt"/>
        <line num="248" count="1" type="stmt"/>
        <line num="249" count="1" type="stmt"/>
        <line num="260" count="1" type="stmt"/>
        <line num="261" count="1" type="stmt"/>
        <line num="274" count="1" type="stmt"/>
        <line num="275" count="1" type="stmt"/>
        <line num="287" count="1" type="stmt"/>
        <line num="288" count="1" type="stmt"/>
        <line num="303" count="1" type="stmt"/>
        <line num="304" count="1" type="stmt"/>
        <line num="315" count="1" type="stmt"/>
        <line num="316" count="1" type="stmt"/>
        <line num="327" count="1" type="stmt"/>
        <line num="328" count="1" type="stmt"/>
        <line num="339" count="1" type="stmt"/>
        <line num="340" count="1" type="stmt"/>
      </file>
    </package>
    <package name="src.components.organisms.Header">
      <metrics statements="12" coveredstatements="7" conditionals="0" coveredconditionals="0" methods="5" coveredmethods="2"/>
      <file name="Header.stories.tsx" path="/home/manishv/Internship-files/React/blinkist/src/components/organisms/Header/Header.stories.tsx">
        <metrics statements="3" coveredstatements="0" conditionals="0" coveredconditionals="0" methods="1" coveredmethods="0"/>
        <line num="13" count="0" type="stmt"/>
        <line num="14" count="0" type="stmt"/>
        <line num="21" count="0" type="stmt"/>
      </file>
      <file name="Header.tsx" path="/home/manishv/Internship-files/React/blinkist/src/components/organisms/Header/Header.tsx">
        <metrics statements="9" coveredstatements="7" conditionals="0" coveredconditionals="0" methods="4" coveredmethods="2"/>
        <line num="17" count="2" type="stmt"/>
        <line num="18" count="8" type="stmt"/>
        <line num="21" count="8" type="stmt"/>
        <line num="23" count="8" type="stmt"/>
        <line num="24" count="0" type="stmt"/>
        <line num="27" count="8" type="stmt"/>
        <line num="28" count="0" type="stmt"/>
        <line num="31" count="8" type="stmt"/>
        <line num="98" count="1" type="stmt"/>
      </file>
    </package>
    <package name="src.components.organisms.MyLibrary">
      <metrics statements="29" coveredstatements="25" conditionals="4" coveredconditionals="3" methods="12" coveredmethods="11"/>
      <file name="MyLibrary.stories.tsx" path="/home/manishv/Internship-files/React/blinkist/src/components/organisms/MyLibrary/MyLibrary.stories.tsx">
        <metrics statements="3" coveredstatements="0" conditionals="0" coveredconditionals="0" methods="1" coveredmethods="0"/>
        <line num="9" count="0" type="stmt"/>
        <line num="10" count="0" type="stmt"/>
        <line num="17" count="0" type="stmt"/>
      </file>
      <file name="MyLibrary.tsx" path="/home/manishv/Internship-files/React/blinkist/src/components/organisms/MyLibrary/MyLibrary.tsx">
        <metrics statements="26" coveredstatements="25" conditionals="4" coveredconditionals="3" methods="11" coveredmethods="11"/>
        <line num="19" count="1" type="stmt"/>
        <line num="20" count="17" type="stmt"/>
        <line num="26" count="17" type="stmt"/>
        <line num="27" count="17" type="stmt"/>
        <line num="28" count="17" type="stmt"/>
        <line num="29" count="17" type="stmt"/>
        <line num="30" count="17" type="stmt"/>
        <line num="31" count="7" type="stmt"/>
        <line num="32" count="7" type="stmt"/>
        <line num="33" count="7" type="stmt"/>
        <line num="35" count="7" type="stmt"/>
        <line num="37" count="17" type="stmt"/>
        <line num="38" count="2" type="stmt"/>
        <line num="41" count="18" type="stmt"/>
        <line num="49" count="1" type="stmt"/>
        <line num="54" count="17" type="stmt"/>
        <line num="55" count="40" type="stmt"/>
        <line num="57" count="40" type="stmt"/>
        <line num="58" count="17" type="cond" truecount="1" falsecount="1"/>
        <line num="59" count="0" type="stmt"/>
        <line num="61" count="17" type="cond" truecount="2" falsecount="0"/>
        <line num="62" count="13" type="stmt"/>
        <line num="63" count="12" type="stmt"/>
        <line num="66" count="4" type="stmt"/>
        <line num="67" count="6" type="stmt"/>
        <line num="72" count="17" type="stmt"/>
      </file>
    </package>
    <package name="src.components.organisms.Tab">
      <metrics statements="9" coveredstatements="5" conditionals="2" coveredconditionals="2" methods="3" coveredmethods="2"/>
      <file name="CustomTabs.tsx" path="/home/manishv/Internship-files/React/blinkist/src/components/organisms/Tab/CustomTabs.tsx">
        <metrics statements="5" coveredstatements="5" conditionals="2" coveredconditionals="2" methods="2" coveredmethods="2"/>
        <line num="9" count="25" type="stmt"/>
        <line num="11" count="25" type="stmt"/>
        <line num="12" count="4" type="stmt"/>
        <line num="13" count="4" type="cond" truecount="2" falsecount="0"/>
        <line num="16" count="25" type="stmt"/>
      </file>
      <file name="Tab.stories.tsx" path="/home/manishv/Internship-files/React/blinkist/src/components/organisms/Tab/Tab.stories.tsx">
        <metrics statements="4" coveredstatements="0" conditionals="0" coveredconditionals="0" methods="1" coveredmethods="0"/>
        <line num="12" count="0" type="stmt"/>
        <line num="13" count="0" type="stmt"/>
        <line num="18" count="0" type="stmt"/>
        <line num="20" count="0" type="stmt"/>
      </file>
    </package>
  </project>
</coverage>
