{"/home/manishv/Internship-files/React/blinkist/src/App.tsx": {"path":"/home/manishv/Internship-files/React/blinkist/src/App.tsx","statementMap":{"0":{"start":{"line":9,"column":2},"end":{"line":21,"column":4}}},"fnMap":{"0":{"name":"App","decl":{"start":{"line":8,"column":9},"end":{"line":8,"column":12}},"loc":{"start":{"line":8,"column":15},"end":{"line":22,"column":1}},"line":8}},"branchMap":{},"s":{"0":0},"f":{"0":0},"b":{}}
,"/home/manishv/Internship-files/React/blinkist/src/CustomThemeProvider.tsx": {"path":"/home/manishv/Internship-files/React/blinkist/src/CustomThemeProvider.tsx","statementMap":{"0":{"start":{"line":9,"column":4},"end":{"line":15,"column":5}}},"fnMap":{"0":{"name":"CustomThemeProvider","decl":{"start":{"line":8,"column":24},"end":{"line":8,"column":43}},"loc":{"start":{"line":8,"column":76},"end":{"line":16,"column":1}},"line":8}},"branchMap":{},"s":{"0":0},"f":{"0":0},"b":{}}
,"/home/manishv/Internship-files/React/blinkist/src/Theme.ts": {"path":"/home/manishv/Internship-files/React/blinkist/src/Theme.ts","statementMap":{"0":{"start":{"line":3,"column":14},"end":{"line":73,"column":2}}},"fnMap":{},"branchMap":{},"s":{"0":0},"f":{},"b":{}}
,"/home/manishv/Internship-files/React/blinkist/src/index.tsx": {"path":"/home/manishv/Internship-files/React/blinkist/src/index.tsx","statementMap":{"0":{"start":{"line":7,"column":0},"end":{"line":12,"column":2}},"1":{"start":{"line":17,"column":0},"end":{"line":17,"column":18}}},"fnMap":{},"branchMap":{},"s":{"0":0,"1":0},"f":{},"b":{}}
,"/home/manishv/Internship-files/React/blinkist/src/reportWebVitals.ts": {"path":"/home/manishv/Internship-files/React/blinkist/src/reportWebVitals.ts","statementMap":{"0":{"start":{"line":3,"column":24},"end":{"line":13,"column":1}},"1":{"start":{"line":4,"column":2},"end":{"line":12,"column":3}},"2":{"start":{"line":5,"column":4},"end":{"line":11,"column":7}},"3":{"start":{"line":6,"column":6},"end":{"line":6,"column":26}},"4":{"start":{"line":7,"column":6},"end":{"line":7,"column":26}},"5":{"start":{"line":8,"column":6},"end":{"line":8,"column":26}},"6":{"start":{"line":9,"column":6},"end":{"line":9,"column":26}},"7":{"start":{"line":10,"column":6},"end":{"line":10,"column":27}}},"fnMap":{"0":{"name":"(anonymous_0)","decl":{"start":{"line":3,"column":24},"end":{"line":3,"column":25}},"loc":{"start":{"line":3,"column":57},"end":{"line":13,"column":1}},"line":3},"1":{"name":"(anonymous_1)","decl":{"start":{"line":5,"column":30},"end":{"line":5,"column":31}},"loc":{"start":{"line":5,"column":79},"end":{"line":11,"column":5}},"line":5}},"branchMap":{"0":{"loc":{"start":{"line":4,"column":2},"end":{"line":12,"column":3}},"type":"if","locations":[{"start":{"line":4,"column":2},"end":{"line":12,"column":3}},{"start":{},"end":{}}],"line":4},"1":{"loc":{"start":{"line":4,"column":6},"end":{"line":4,"column":52}},"type":"binary-expr","locations":[{"start":{"line":4,"column":6},"end":{"line":4,"column":17}},{"start":{"line":4,"column":21},"end":{"line":4,"column":52}}],"line":4}},"s":{"0":0,"1":0,"2":0,"3":0,"4":0,"5":0,"6":0,"7":0},"f":{"0":0,"1":0},"b":{"0":[0,0],"1":[0,0]}}
,"/home/manishv/Internship-files/React/blinkist/src/BasicTemplate/BasicTemplate.stories.tsx": {"path":"/home/manishv/Internship-files/React/blinkist/src/BasicTemplate/BasicTemplate.stories.tsx","statementMap":{"0":{"start":{"line":8,"column":55},"end":{"line":12,"column":3}},"1":{"start":{"line":10,"column":6},"end":{"line":10,"column":23}},"2":{"start":{"line":14,"column":29},"end":{"line":14,"column":46}}},"fnMap":{"0":{"name":"(anonymous_0)","decl":{"start":{"line":8,"column":55},"end":{"line":8,"column":56}},"loc":{"start":{"line":10,"column":6},"end":{"line":10,"column":23}},"line":10}},"branchMap":{},"s":{"0":0,"1":0,"2":0},"f":{"0":0},"b":{}}
,"/home/manishv/Internship-files/React/blinkist/src/BasicTemplate/BasicTemplate.tsx": {"path":"/home/manishv/Internship-files/React/blinkist/src/BasicTemplate/BasicTemplate.tsx","statementMap":{"0":{"start":{"line":3,"column":2},"end":{"line":9,"column":4}}},"fnMap":{"0":{"name":"BasicTemplate","decl":{"start":{"line":2,"column":24},"end":{"line":2,"column":37}},"loc":{"start":{"line":2,"column":40},"end":{"line":10,"column":1}},"line":2}},"branchMap":{},"s":{"0":0},"f":{"0":0},"b":{}}
,"/home/manishv/Internship-files/React/blinkist/src/components/Pages/BookDetailsPage/BookDetailsPage.stories.tsx": {"path":"/home/manishv/Internship-files/React/blinkist/src/components/Pages/BookDetailsPage/BookDetailsPage.stories.tsx","statementMap":{"0":{"start":{"line":9,"column":57},"end":{"line":15,"column":1}},"1":{"start":{"line":10,"column":4},"end":{"line":14,"column":13}},"2":{"start":{"line":17,"column":30},"end":{"line":17,"column":47}}},"fnMap":{"0":{"name":"(anonymous_0)","decl":{"start":{"line":9,"column":57},"end":{"line":9,"column":58}},"loc":{"start":{"line":10,"column":4},"end":{"line":14,"column":13}},"line":10}},"branchMap":{},"s":{"0":0,"1":0,"2":0},"f":{"0":0},"b":{}}
,"/home/manishv/Internship-files/React/blinkist/src/components/Pages/BookDetailsPage/BookDetailsPage.tsx": {"path":"/home/manishv/Internship-files/React/blinkist/src/components/Pages/BookDetailsPage/BookDetailsPage.tsx","statementMap":{"0":{"start":{"line":5,"column":2},"end":{"line":7,"column":4}}},"fnMap":{"0":{"name":"BookDetailsPage","decl":{"start":{"line":4,"column":24},"end":{"line":4,"column":39}},"loc":{"start":{"line":4,"column":42},"end":{"line":8,"column":1}},"line":4}},"branchMap":{},"s":{"0":0},"f":{"0":0},"b":{}}
,"/home/manishv/Internship-files/React/blinkist/src/components/Pages/EnterpreneurshipPage/EnterpreneurshipPage.stories.tsx": {"path":"/home/manishv/Internship-files/React/blinkist/src/components/Pages/EnterpreneurshipPage/EnterpreneurshipPage.stories.tsx","statementMap":{"0":{"start":{"line":9,"column":62},"end":{"line":15,"column":1}},"1":{"start":{"line":10,"column":4},"end":{"line":14,"column":13}},"2":{"start":{"line":17,"column":35},"end":{"line":17,"column":52}}},"fnMap":{"0":{"name":"(anonymous_0)","decl":{"start":{"line":9,"column":62},"end":{"line":9,"column":63}},"loc":{"start":{"line":10,"column":4},"end":{"line":14,"column":13}},"line":10}},"branchMap":{},"s":{"0":0,"1":0,"2":0},"f":{"0":0},"b":{}}
,"/home/manishv/Internship-files/React/blinkist/src/components/Pages/EnterpreneurshipPage/EnterpreneurshipPage.tsx": {"path":"/home/manishv/Internship-files/React/blinkist/src/components/Pages/EnterpreneurshipPage/EnterpreneurshipPage.tsx","statementMap":{"0":{"start":{"line":6,"column":2},"end":{"line":17,"column":4}}},"fnMap":{"0":{"name":"EnterpreneurshipPage","decl":{"start":{"line":5,"column":24},"end":{"line":5,"column":44}},"loc":{"start":{"line":5,"column":47},"end":{"line":18,"column":1}},"line":5}},"branchMap":{},"s":{"0":0},"f":{"0":0},"b":{}}
,"/home/manishv/Internship-files/React/blinkist/src/components/Pages/MyLibraryPage/MyLibraryPage.stories.tsx": {"path":"/home/manishv/Internship-files/React/blinkist/src/components/Pages/MyLibraryPage/MyLibraryPage.stories.tsx","statementMap":{"0":{"start":{"line":9,"column":55},"end":{"line":15,"column":1}},"1":{"start":{"line":10,"column":4},"end":{"line":14,"column":13}},"2":{"start":{"line":17,"column":28},"end":{"line":17,"column":45}}},"fnMap":{"0":{"name":"(anonymous_0)","decl":{"start":{"line":9,"column":55},"end":{"line":9,"column":56}},"loc":{"start":{"line":10,"column":4},"end":{"line":14,"column":13}},"line":10}},"branchMap":{},"s":{"0":0,"1":0,"2":0},"f":{"0":0},"b":{}}
,"/home/manishv/Internship-files/React/blinkist/src/components/Pages/MyLibraryPage/MyLibraryPage.tsx": {"path":"/home/manishv/Internship-files/React/blinkist/src/components/Pages/MyLibraryPage/MyLibraryPage.tsx","statementMap":{"0":{"start":{"line":6,"column":2},"end":{"line":12,"column":4}}},"fnMap":{"0":{"name":"MyLibraryPage","decl":{"start":{"line":5,"column":24},"end":{"line":5,"column":37}},"loc":{"start":{"line":5,"column":40},"end":{"line":13,"column":1}},"line":5}},"branchMap":{},"s":{"0":0},"f":{"0":0},"b":{}}
,"/home/manishv/Internship-files/React/blinkist/src/components/Template/Template.tsx": {"path":"/home/manishv/Internship-files/React/blinkist/src/components/Template/Template.tsx","statementMap":{"0":{"start":{"line":5,"column":2},"end":{"line":15,"column":4}}},"fnMap":{"0":{"name":"Template","decl":{"start":{"line":4,"column":24},"end":{"line":4,"column":32}},"loc":{"start":{"line":4,"column":45},"end":{"line":16,"column":1}},"line":4}},"branchMap":{},"s":{"0":0},"f":{"0":0},"b":{}}
,"/home/manishv/Internship-files/React/blinkist/src/components/atoms/Avatar/Avatar.stories.tsx": {"path":"/home/manishv/Internship-files/React/blinkist/src/components/atoms/Avatar/Avatar.stories.tsx","statementMap":{"0":{"start":{"line":9,"column":54},"end":{"line":9,"column":135}},"1":{"start":{"line":9,"column":64},"end":{"line":9,"column":135}},"2":{"start":{"line":11,"column":29},"end":{"line":11,"column":46}}},"fnMap":{"0":{"name":"(anonymous_0)","decl":{"start":{"line":9,"column":54},"end":{"line":9,"column":55}},"loc":{"start":{"line":9,"column":64},"end":{"line":9,"column":135}},"line":9}},"branchMap":{},"s":{"0":0,"1":0,"2":0},"f":{"0":0},"b":{}}
,"/home/manishv/Internship-files/React/blinkist/src/components/atoms/Avatar/CustomAvatar.tsx": {"path":"/home/manishv/Internship-files/React/blinkist/src/components/atoms/Avatar/CustomAvatar.tsx","statementMap":{"0":{"start":{"line":5,"column":4},"end":{"line":7,"column":5}}},"fnMap":{"0":{"name":"CustomAvatar","decl":{"start":{"line":4,"column":24},"end":{"line":4,"column":36}},"loc":{"start":{"line":4,"column":56},"end":{"line":8,"column":1}},"line":4}},"branchMap":{},"s":{"0":1},"f":{"0":1},"b":{},"_coverageSchema":"1a1c01bbd47fc00a2c39e90264f33305004495a9","hash":"8ec3f31466acfcde74ed9b2d733f82ce017a023f"}
,"/home/manishv/Internship-files/React/blinkist/src/components/atoms/Button/Button.stories.tsx": {"path":"/home/manishv/Internship-files/React/blinkist/src/components/atoms/Button/Button.stories.tsx","statementMap":{"0":{"start":{"line":9,"column":54},"end":{"line":14,"column":1}},"1":{"start":{"line":10,"column":4},"end":{"line":13,"column":26}},"2":{"start":{"line":16,"column":25},"end":{"line":16,"column":42}},"3":{"start":{"line":17,"column":0},"end":{"line":21,"column":1}}},"fnMap":{"0":{"name":"(anonymous_0)","decl":{"start":{"line":9,"column":54},"end":{"line":9,"column":55}},"loc":{"start":{"line":10,"column":4},"end":{"line":13,"column":26}},"line":10}},"branchMap":{},"s":{"0":0,"1":0,"2":0,"3":0},"f":{"0":0},"b":{}}
,"/home/manishv/Internship-files/React/blinkist/src/components/atoms/Button/CustomButton.tsx": {"path":"/home/manishv/Internship-files/React/blinkist/src/components/atoms/Button/CustomButton.tsx","statementMap":{"0":{"start":{"line":3,"column":2},"end":{"line":16,"column":4}}},"fnMap":{"0":{"name":"CustomButton","decl":{"start":{"line":2,"column":24},"end":{"line":2,"column":36}},"loc":{"start":{"line":2,"column":57},"end":{"line":17,"column":1}},"line":2}},"branchMap":{},"s":{"0":45},"f":{"0":45},"b":{},"_coverageSchema":"1a1c01bbd47fc00a2c39e90264f33305004495a9","hash":"0082267d4ea1f2befd650b7a84ded3944369f24b"}
,"/home/manishv/Internship-files/React/blinkist/src/components/atoms/Logo/Logo.stories.tsx": {"path":"/home/manishv/Internship-files/React/blinkist/src/components/atoms/Logo/Logo.stories.tsx","statementMap":{"0":{"start":{"line":8,"column":21},"end":{"line":8,"column":35}},"1":{"start":{"line":8,"column":27},"end":{"line":8,"column":35}}},"fnMap":{"0":{"name":"(anonymous_0)","decl":{"start":{"line":8,"column":21},"end":{"line":8,"column":22}},"loc":{"start":{"line":8,"column":27},"end":{"line":8,"column":35}},"line":8}},"branchMap":{},"s":{"0":0,"1":0},"f":{"0":0},"b":{}}
,"/home/manishv/Internship-files/React/blinkist/src/components/atoms/Logo/Logo.tsx": {"path":"/home/manishv/Internship-files/React/blinkist/src/components/atoms/Logo/Logo.tsx","statementMap":{"0":{"start":{"line":8,"column":4},"end":{"line":10,"column":6}}},"fnMap":{"0":{"name":"Logo","decl":{"start":{"line":7,"column":24},"end":{"line":7,"column":28}},"loc":{"start":{"line":7,"column":53},"end":{"line":11,"column":1}},"line":7}},"branchMap":{},"s":{"0":8},"f":{"0":8},"b":{},"_coverageSchema":"1a1c01bbd47fc00a2c39e90264f33305004495a9","hash":"45c66bcff171083f1b4960f2b836cfa568789734"}
,"/home/manishv/Internship-files/React/blinkist/src/components/atoms/Search/CustomSearch.tsx": {"path":"/home/manishv/Internship-files/React/blinkist/src/components/atoms/Search/CustomSearch.tsx","statementMap":{"0":{"start":{"line":8,"column":21},"end":{"line":16,"column":1}},"1":{"start":{"line":9,"column":4},"end":{"line":15,"column":7}}},"fnMap":{"0":{"name":"(anonymous_0)","decl":{"start":{"line":8,"column":21},"end":{"line":8,"column":22}},"loc":{"start":{"line":8,"column":60},"end":{"line":16,"column":1}},"line":8}},"branchMap":{},"s":{"0":2,"1":17},"f":{"0":17},"b":{},"_coverageSchema":"1a1c01bbd47fc00a2c39e90264f33305004495a9","hash":"9c1b63ea4adf919f3da627de3cb6bd72ed410e32"}
,"/home/manishv/Internship-files/React/blinkist/src/components/atoms/Search/Search.stories.tsx": {"path":"/home/manishv/Internship-files/React/blinkist/src/components/atoms/Search/Search.stories.tsx","statementMap":{"0":{"start":{"line":9,"column":53},"end":{"line":9,"column":89}},"1":{"start":{"line":9,"column":63},"end":{"line":9,"column":89}},"2":{"start":{"line":11,"column":28},"end":{"line":11,"column":45}}},"fnMap":{"0":{"name":"(anonymous_0)","decl":{"start":{"line":9,"column":53},"end":{"line":9,"column":54}},"loc":{"start":{"line":9,"column":63},"end":{"line":9,"column":89}},"line":9}},"branchMap":{},"s":{"0":0,"1":0,"2":0},"f":{"0":0},"b":{}}
,"/home/manishv/Internship-files/React/blinkist/src/components/atoms/typography/Typography.stories.tsx": {"path":"/home/manishv/Internship-files/React/blinkist/src/components/atoms/typography/Typography.stories.tsx","statementMap":{"0":{"start":{"line":12,"column":45},"end":{"line":12,"column":72}},"1":{"start":{"line":12,"column":55},"end":{"line":12,"column":72}},"2":{"start":{"line":14,"column":20},"end":{"line":14,"column":37}},"3":{"start":{"line":17,"column":0},"end":{"line":20,"column":2}}},"fnMap":{"0":{"name":"(anonymous_0)","decl":{"start":{"line":12,"column":45},"end":{"line":12,"column":46}},"loc":{"start":{"line":12,"column":55},"end":{"line":12,"column":72}},"line":12}},"branchMap":{},"s":{"0":0,"1":0,"2":0,"3":0},"f":{"0":0},"b":{}}
,"/home/manishv/Internship-files/React/blinkist/src/components/atoms/typography/Typographys.tsx": {"path":"/home/manishv/Internship-files/React/blinkist/src/components/atoms/typography/Typographys.tsx","statementMap":{"0":{"start":{"line":10,"column":4},"end":{"line":12,"column":5}}},"fnMap":{"0":{"name":"Typographys","decl":{"start":{"line":9,"column":24},"end":{"line":9,"column":35}},"loc":{"start":{"line":9,"column":79},"end":{"line":13,"column":1}},"line":9}},"branchMap":{},"s":{"0":404},"f":{"0":404},"b":{},"_coverageSchema":"1a1c01bbd47fc00a2c39e90264f33305004495a9","hash":"569eb9d9f925d8564226d11ed94ac0818e626280"}
,"/home/manishv/Internship-files/React/blinkist/src/components/molecules/Banner/Banner.stories.tsx": {"path":"/home/manishv/Internship-files/React/blinkist/src/components/molecules/Banner/Banner.stories.tsx","statementMap":{"0":{"start":{"line":9,"column":48},"end":{"line":13,"column":3}},"1":{"start":{"line":10,"column":4},"end":{"line":12,"column":26}},"2":{"start":{"line":15,"column":22},"end":{"line":15,"column":39}}},"fnMap":{"0":{"name":"(anonymous_0)","decl":{"start":{"line":9,"column":48},"end":{"line":9,"column":49}},"loc":{"start":{"line":10,"column":4},"end":{"line":12,"column":26}},"line":10}},"branchMap":{},"s":{"0":0,"1":0,"2":0},"f":{"0":0},"b":{}}
,"/home/manishv/Internship-files/React/blinkist/src/components/molecules/Banner/Banner.tsx": {"path":"/home/manishv/Internship-files/React/blinkist/src/components/molecules/Banner/Banner.tsx","statementMap":{"0":{"start":{"line":6,"column":20},"end":{"line":34,"column":4}},"1":{"start":{"line":35,"column":18},"end":{"line":35,"column":29}},"2":{"start":{"line":36,"column":2},"end":{"line":51,"column":4}}},"fnMap":{"0":{"name":"Banner","decl":{"start":{"line":5,"column":24},"end":{"line":5,"column":30}},"loc":{"start":{"line":5,"column":33},"end":{"line":52,"column":1}},"line":5}},"branchMap":{},"s":{"0":3,"1":3,"2":3},"f":{"0":3},"b":{},"_coverageSchema":"1a1c01bbd47fc00a2c39e90264f33305004495a9","hash":"d18eb9563e7eb21eb2a4352569b872aae182a677"}
,"/home/manishv/Internship-files/React/blinkist/src/components/molecules/Card/Card.stories.tsx": {"path":"/home/manishv/Internship-files/React/blinkist/src/components/molecules/Card/Card.stories.tsx","statementMap":{"0":{"start":{"line":9,"column":51},"end":{"line":15,"column":1}},"1":{"start":{"line":10,"column":2},"end":{"line":14,"column":11}},"2":{"start":{"line":17,"column":23},"end":{"line":17,"column":40}},"3":{"start":{"line":18,"column":0},"end":{"line":23,"column":2}},"4":{"start":{"line":24,"column":23},"end":{"line":24,"column":40}},"5":{"start":{"line":25,"column":0},"end":{"line":30,"column":2}},"6":{"start":{"line":31,"column":24},"end":{"line":31,"column":41}},"7":{"start":{"line":32,"column":0},"end":{"line":37,"column":2}}},"fnMap":{"0":{"name":"(anonymous_0)","decl":{"start":{"line":9,"column":51},"end":{"line":9,"column":52}},"loc":{"start":{"line":10,"column":2},"end":{"line":14,"column":11}},"line":10}},"branchMap":{},"s":{"0":0,"1":0,"2":0,"3":0,"4":0,"5":0,"6":0,"7":0},"f":{"0":0},"b":{}}
,"/home/manishv/Internship-files/React/blinkist/src/components/molecules/Card/Card.tsx": {"path":"/home/manishv/Internship-files/React/blinkist/src/components/molecules/Card/Card.tsx","statementMap":{"0":{"start":{"line":26,"column":18},"end":{"line":122,"column":1}},"1":{"start":{"line":28,"column":20},"end":{"line":49,"column":4}},"2":{"start":{"line":50,"column":18},"end":{"line":50,"column":29}},"3":{"start":{"line":51,"column":2},"end":{"line":121,"column":4}}},"fnMap":{"0":{"name":"(anonymous_0)","decl":{"start":{"line":26,"column":18},"end":{"line":26,"column":19}},"loc":{"start":{"line":26,"column":45},"end":{"line":122,"column":1}},"line":26}},"branchMap":{"0":{"loc":{"start":{"line":73,"column":7},"end":{"line":86,"column":7}},"type":"binary-expr","locations":[{"start":{"line":73,"column":7},"end":{"line":73,"column":31}},{"start":{"line":74,"column":8},"end":{"line":85,"column":22}}],"line":73},"1":{"loc":{"start":{"line":87,"column":7},"end":{"line":107,"column":7}},"type":"binary-expr","locations":[{"start":{"line":87,"column":7},"end":{"line":87,"column":31}},{"start":{"line":88,"column":8},"end":{"line":106,"column":22}}],"line":87},"2":{"loc":{"start":{"line":108,"column":7},"end":{"line":119,"column":7}},"type":"binary-expr","locations":[{"start":{"line":108,"column":7},"end":{"line":108,"column":32}},{"start":{"line":109,"column":8},"end":{"line":118,"column":22}}],"line":108}},"s":{"0":2,"1":15,"2":15,"3":15},"f":{"0":15},"b":{"0":[15,13],"1":[15,1],"2":[15,1]},"_coverageSchema":"1a1c01bbd47fc00a2c39e90264f33305004495a9","hash":"ac3617b2c24546bcc717fc94a9a1b52f497d8feb"}
,"/home/manishv/Internship-files/React/blinkist/src/components/molecules/Footer/Footer.stories.tsx": {"path":"/home/manishv/Internship-files/React/blinkist/src/components/molecules/Footer/Footer.stories.tsx","statementMap":{"0":{"start":{"line":13,"column":48},"end":{"line":19,"column":3}},"1":{"start":{"line":14,"column":4},"end":{"line":18,"column":13}},"2":{"start":{"line":21,"column":22},"end":{"line":21,"column":39}}},"fnMap":{"0":{"name":"(anonymous_0)","decl":{"start":{"line":13,"column":48},"end":{"line":13,"column":49}},"loc":{"start":{"line":14,"column":4},"end":{"line":18,"column":13}},"line":14}},"branchMap":{},"s":{"0":0,"1":0,"2":0},"f":{"0":0},"b":{}}
,"/home/manishv/Internship-files/React/blinkist/src/components/molecules/Footer/Footer.tsx": {"path":"/home/manishv/Internship-files/React/blinkist/src/components/molecules/Footer/Footer.tsx","statementMap":{"0":{"start":{"line":5,"column":15},"end":{"line":94,"column":1}},"1":{"start":{"line":6,"column":20},"end":{"line":35,"column":4}},"2":{"start":{"line":36,"column":18},"end":{"line":36,"column":29}},"3":{"start":{"line":37,"column":2},"end":{"line":93,"column":4}}},"fnMap":{"0":{"name":"(anonymous_0)","decl":{"start":{"line":5,"column":15},"end":{"line":5,"column":16}},"loc":{"start":{"line":5,"column":21},"end":{"line":94,"column":1}},"line":5}},"branchMap":{},"s":{"0":1,"1":2,"2":2,"3":2},"f":{"0":2},"b":{},"_coverageSchema":"1a1c01bbd47fc00a2c39e90264f33305004495a9","hash":"bfe62aa0919d6640634cddcab7354855b76f6026"}
,"/home/manishv/Internship-files/React/blinkist/src/components/organisms/BookDetails/BookDetails.stories.tsx": {"path":"/home/manishv/Internship-files/React/blinkist/src/components/organisms/BookDetails/BookDetails.stories.tsx","statementMap":{"0":{"start":{"line":9,"column":53},"end":{"line":15,"column":1}},"1":{"start":{"line":10,"column":4},"end":{"line":14,"column":13}},"2":{"start":{"line":17,"column":27},"end":{"line":17,"column":44}}},"fnMap":{"0":{"name":"(anonymous_0)","decl":{"start":{"line":9,"column":53},"end":{"line":9,"column":54}},"loc":{"start":{"line":10,"column":4},"end":{"line":14,"column":13}},"line":10}},"branchMap":{},"s":{"0":0,"1":0,"2":0},"f":{"0":0},"b":{}}
,"/home/manishv/Internship-files/React/blinkist/src/components/organisms/BookDetails/BookDetails.tsx": {"path":"/home/manishv/Internship-files/React/blinkist/src/components/organisms/BookDetails/BookDetails.tsx","statementMap":{"0":{"start":{"line":11,"column":19},"end":{"line":11,"column":32}},"1":{"start":{"line":12,"column":20},"end":{"line":44,"column":4}},"2":{"start":{"line":45,"column":18},"end":{"line":45,"column":29}},"3":{"start":{"line":46,"column":28},"end":{"line":46,"column":54}},"4":{"start":{"line":47,"column":22},"end":{"line":59,"column":3}},"5":{"start":{"line":48,"column":15},"end":{"line":48,"column":41}},"6":{"start":{"line":49,"column":17},"end":{"line":49,"column":63}},"7":{"start":{"line":50,"column":17},"end":{"line":50,"column":33}},"8":{"start":{"line":51,"column":4},"end":{"line":51,"column":30}},"9":{"start":{"line":52,"column":4},"end":{"line":56,"column":14}},"10":{"start":{"line":57,"column":4},"end":{"line":57,"column":18}},"11":{"start":{"line":60,"column":23},"end":{"line":62,"column":3}},"12":{"start":{"line":61,"column":4},"end":{"line":61,"column":23}},"13":{"start":{"line":63,"column":2},"end":{"line":201,"column":4}}},"fnMap":{"0":{"name":"BookDetails","decl":{"start":{"line":10,"column":24},"end":{"line":10,"column":35}},"loc":{"start":{"line":10,"column":38},"end":{"line":202,"column":1}},"line":10},"1":{"name":"(anonymous_1)","decl":{"start":{"line":47,"column":22},"end":{"line":47,"column":23}},"loc":{"start":{"line":47,"column":31},"end":{"line":59,"column":3}},"line":47},"2":{"name":"(anonymous_2)","decl":{"start":{"line":60,"column":23},"end":{"line":60,"column":24}},"loc":{"start":{"line":60,"column":74},"end":{"line":62,"column":3}},"line":60}},"branchMap":{},"s":{"0":3,"1":3,"2":3,"3":3,"4":3,"5":1,"6":1,"7":0,"8":0,"9":0,"10":0,"11":3,"12":0,"13":3},"f":{"0":3,"1":1,"2":0},"b":{},"_coverageSchema":"1a1c01bbd47fc00a2c39e90264f33305004495a9","hash":"55fb20dc00fc1b564bb6f615ef01c9480f2e2306"}
,"/home/manishv/Internship-files/React/blinkist/src/components/organisms/Enterpreneurship/Enterpreneurship.stories.tsx": {"path":"/home/manishv/Internship-files/React/blinkist/src/components/organisms/Enterpreneurship/Enterpreneurship.stories.tsx","statementMap":{"0":{"start":{"line":9,"column":58},"end":{"line":15,"column":1}},"1":{"start":{"line":10,"column":4},"end":{"line":14,"column":13}},"2":{"start":{"line":17,"column":31},"end":{"line":17,"column":48}}},"fnMap":{"0":{"name":"(anonymous_0)","decl":{"start":{"line":9,"column":58},"end":{"line":9,"column":59}},"loc":{"start":{"line":10,"column":4},"end":{"line":14,"column":13}},"line":10}},"branchMap":{},"s":{"0":0,"1":0,"2":0},"f":{"0":0},"b":{}}
,"/home/manishv/Internship-files/React/blinkist/src/components/organisms/Enterpreneurship/Enterpreneurship.tsx": {"path":"/home/manishv/Internship-files/React/blinkist/src/components/organisms/Enterpreneurship/Enterpreneurship.tsx","statementMap":{"0":{"start":{"line":20,"column":25},"end":{"line":105,"column":1}},"1":{"start":{"line":21,"column":19},"end":{"line":21,"column":32}},"2":{"start":{"line":22,"column":20},"end":{"line":30,"column":4}},"3":{"start":{"line":31,"column":18},"end":{"line":31,"column":29}},"4":{"start":{"line":32,"column":28},"end":{"line":32,"column":40}},"5":{"start":{"line":33,"column":20},"end":{"line":33,"column":51}},"6":{"start":{"line":34,"column":26},"end":{"line":34,"column":46}},"7":{"start":{"line":35,"column":2},"end":{"line":47,"column":14}},"8":{"start":{"line":36,"column":22},"end":{"line":45,"column":5}},"9":{"start":{"line":37,"column":18},"end":{"line":37,"column":62}},"10":{"start":{"line":39,"column":6},"end":{"line":41,"column":5}},"11":{"start":{"line":40,"column":8},"end":{"line":40,"column":29}},"12":{"start":{"line":42,"column":19},"end":{"line":42,"column":39}},"13":{"start":{"line":44,"column":6},"end":{"line":44,"column":29}},"14":{"start":{"line":46,"column":4},"end":{"line":46,"column":16}},"15":{"start":{"line":48,"column":23},"end":{"line":50,"column":3}},"16":{"start":{"line":49,"column":4},"end":{"line":49,"column":29}},"17":{"start":{"line":53,"column":16},"end":{"line":76,"column":3}},"18":{"start":{"line":55,"column":4},"end":{"line":75,"column":5}},"19":{"start":{"line":56,"column":6},"end":{"line":56,"column":34}},"20":{"start":{"line":58,"column":8},"end":{"line":73,"column":11}},"21":{"start":{"line":59,"column":10},"end":{"line":72,"column":12}},"22":{"start":{"line":68,"column":16},"end":{"line":68,"column":68}},"23":{"start":{"line":69,"column":16},"end":{"line":69,"column":34}},"24":{"start":{"line":77,"column":2},"end":{"line":104,"column":4}}},"fnMap":{"0":{"name":"(anonymous_0)","decl":{"start":{"line":20,"column":25},"end":{"line":20,"column":26}},"loc":{"start":{"line":20,"column":31},"end":{"line":105,"column":1}},"line":20},"1":{"name":"(anonymous_1)","decl":{"start":{"line":35,"column":12},"end":{"line":35,"column":13}},"loc":{"start":{"line":35,"column":18},"end":{"line":47,"column":3}},"line":35},"2":{"name":"(anonymous_2)","decl":{"start":{"line":36,"column":22},"end":{"line":36,"column":23}},"loc":{"start":{"line":36,"column":34},"end":{"line":45,"column":5}},"line":36},"3":{"name":"(anonymous_3)","decl":{"start":{"line":48,"column":23},"end":{"line":48,"column":24}},"loc":{"start":{"line":48,"column":67},"end":{"line":50,"column":3}},"line":48},"4":{"name":"(anonymous_4)","decl":{"start":{"line":53,"column":16},"end":{"line":53,"column":17}},"loc":{"start":{"line":53,"column":22},"end":{"line":76,"column":3}},"line":53},"5":{"name":"(anonymous_5)","decl":{"start":{"line":58,"column":24},"end":{"line":58,"column":25}},"loc":{"start":{"line":58,"column":44},"end":{"line":73,"column":9}},"line":58},"6":{"name":"(anonymous_6)","decl":{"start":{"line":67,"column":23},"end":{"line":67,"column":24}},"loc":{"start":{"line":67,"column":27},"end":{"line":70,"column":15}},"line":67}},"branchMap":{"0":{"loc":{"start":{"line":39,"column":6},"end":{"line":41,"column":5}},"type":"if","locations":[{"start":{"line":39,"column":6},"end":{"line":41,"column":5}},{"start":{},"end":{}}],"line":39},"1":{"loc":{"start":{"line":55,"column":4},"end":{"line":75,"column":5}},"type":"if","locations":[{"start":{"line":55,"column":4},"end":{"line":75,"column":5}},{"start":{"line":57,"column":11},"end":{"line":75,"column":5}}],"line":55}},"s":{"0":1,"1":13,"2":13,"3":13,"4":13,"5":13,"6":13,"7":13,"8":6,"9":6,"10":6,"11":1,"12":6,"13":6,"14":6,"15":13,"16":1,"17":13,"18":13,"19":0,"20":13,"21":14,"22":1,"23":1,"24":13},"f":{"0":13,"1":6,"2":6,"3":1,"4":13,"5":14,"6":1},"b":{"0":[1,5],"1":[0,13]},"_coverageSchema":"1a1c01bbd47fc00a2c39e90264f33305004495a9","hash":"be64149f16d7777403dff2d20106309d633f4acc"}
,"/home/manishv/Internship-files/React/blinkist/src/components/organisms/Explore/Explore.stories.tsx": {"path":"/home/manishv/Internship-files/React/blinkist/src/components/organisms/Explore/Explore.stories.tsx","statementMap":{"0":{"start":{"line":13,"column":49},"end":{"line":19,"column":3}},"1":{"start":{"line":14,"column":4},"end":{"line":18,"column":13}},"2":{"start":{"line":21,"column":23},"end":{"line":21,"column":40}}},"fnMap":{"0":{"name":"(anonymous_0)","decl":{"start":{"line":13,"column":49},"end":{"line":13,"column":50}},"loc":{"start":{"line":14,"column":4},"end":{"line":18,"column":13}},"line":14}},"branchMap":{},"s":{"0":0,"1":0,"2":0},"f":{"0":0},"b":{}}
,"/home/manishv/Internship-files/React/blinkist/src/components/organisms/Explore/Explore.tsx": {"path":"/home/manishv/Internship-files/React/blinkist/src/components/organisms/Explore/Explore.tsx","statementMap":{"0":{"start":{"line":30,"column":19},"end":{"line":55,"column":2}},"1":{"start":{"line":39,"column":2},"end":{"line":54,"column":4}},"2":{"start":{"line":57,"column":16},"end":{"line":352,"column":1}},"3":{"start":{"line":58,"column":30},"end":{"line":58,"column":41}},"4":{"start":{"line":59,"column":34},"end":{"line":59,"column":48}},"5":{"start":{"line":60,"column":19},"end":{"line":60,"column":32}},"6":{"start":{"line":62,"column":17},"end":{"line":70,"column":3}},"7":{"start":{"line":63,"column":4},"end":{"line":69,"column":5}},"8":{"start":{"line":64,"column":6},"end":{"line":64,"column":19}},"9":{"start":{"line":65,"column":6},"end":{"line":65,"column":72}},"10":{"start":{"line":67,"column":6},"end":{"line":67,"column":19}},"11":{"start":{"line":68,"column":6},"end":{"line":68,"column":52}},"12":{"start":{"line":71,"column":22},"end":{"line":74,"column":3}},"13":{"start":{"line":72,"column":4},"end":{"line":72,"column":37}},"14":{"start":{"line":73,"column":4},"end":{"line":73,"column":13}},"15":{"start":{"line":76,"column":22},"end":{"line":79,"column":3}},"16":{"start":{"line":77,"column":4},"end":{"line":77,"column":22}},"17":{"start":{"line":78,"column":4},"end":{"line":78,"column":13}},"18":{"start":{"line":80,"column":2},"end":{"line":351,"column":4}},"19":{"start":{"line":121,"column":18},"end":{"line":121,"column":64}},"20":{"start":{"line":122,"column":18},"end":{"line":122,"column":48}},"21":{"start":{"line":133,"column":18},"end":{"line":133,"column":64}},"22":{"start":{"line":134,"column":18},"end":{"line":134,"column":48}},"23":{"start":{"line":145,"column":18},"end":{"line":145,"column":64}},"24":{"start":{"line":146,"column":18},"end":{"line":146,"column":48}},"25":{"start":{"line":157,"column":18},"end":{"line":157,"column":64}},"26":{"start":{"line":158,"column":18},"end":{"line":158,"column":48}},"27":{"start":{"line":169,"column":18},"end":{"line":169,"column":64}},"28":{"start":{"line":170,"column":18},"end":{"line":170,"column":48}},"29":{"start":{"line":181,"column":18},"end":{"line":181,"column":64}},"30":{"start":{"line":182,"column":18},"end":{"line":182,"column":48}},"31":{"start":{"line":196,"column":18},"end":{"line":196,"column":64}},"32":{"start":{"line":197,"column":18},"end":{"line":197,"column":48}},"33":{"start":{"line":208,"column":18},"end":{"line":208,"column":64}},"34":{"start":{"line":209,"column":18},"end":{"line":209,"column":48}},"35":{"start":{"line":220,"column":18},"end":{"line":220,"column":64}},"36":{"start":{"line":221,"column":18},"end":{"line":221,"column":48}},"37":{"start":{"line":233,"column":18},"end":{"line":233,"column":64}},"38":{"start":{"line":234,"column":18},"end":{"line":234,"column":48}},"39":{"start":{"line":248,"column":18},"end":{"line":248,"column":64}},"40":{"start":{"line":249,"column":18},"end":{"line":249,"column":48}},"41":{"start":{"line":260,"column":18},"end":{"line":260,"column":64}},"42":{"start":{"line":261,"column":18},"end":{"line":261,"column":48}},"43":{"start":{"line":274,"column":18},"end":{"line":274,"column":64}},"44":{"start":{"line":275,"column":18},"end":{"line":275,"column":48}},"45":{"start":{"line":287,"column":18},"end":{"line":287,"column":64}},"46":{"start":{"line":288,"column":18},"end":{"line":288,"column":48}},"47":{"start":{"line":303,"column":18},"end":{"line":303,"column":64}},"48":{"start":{"line":304,"column":18},"end":{"line":304,"column":48}},"49":{"start":{"line":315,"column":18},"end":{"line":315,"column":64}},"50":{"start":{"line":316,"column":18},"end":{"line":316,"column":48}},"51":{"start":{"line":327,"column":18},"end":{"line":327,"column":64}},"52":{"start":{"line":328,"column":18},"end":{"line":328,"column":48}},"53":{"start":{"line":339,"column":18},"end":{"line":339,"column":64}},"54":{"start":{"line":340,"column":18},"end":{"line":340,"column":48}}},"fnMap":{"0":{"name":"(anonymous_0)","decl":{"start":{"line":38,"column":3},"end":{"line":38,"column":4}},"loc":{"start":{"line":39,"column":2},"end":{"line":54,"column":4}},"line":39},"1":{"name":"(anonymous_1)","decl":{"start":{"line":57,"column":16},"end":{"line":57,"column":17}},"loc":{"start":{"line":57,"column":32},"end":{"line":352,"column":1}},"line":57},"2":{"name":"(anonymous_2)","decl":{"start":{"line":62,"column":17},"end":{"line":62,"column":18}},"loc":{"start":{"line":62,"column":23},"end":{"line":70,"column":3}},"line":62},"3":{"name":"(anonymous_3)","decl":{"start":{"line":71,"column":22},"end":{"line":71,"column":23}},"loc":{"start":{"line":71,"column":38},"end":{"line":74,"column":3}},"line":71},"4":{"name":"(anonymous_4)","decl":{"start":{"line":76,"column":22},"end":{"line":76,"column":23}},"loc":{"start":{"line":76,"column":28},"end":{"line":79,"column":3}},"line":76},"5":{"name":"(anonymous_5)","decl":{"start":{"line":120,"column":25},"end":{"line":120,"column":26}},"loc":{"start":{"line":120,"column":31},"end":{"line":123,"column":17}},"line":120},"6":{"name":"(anonymous_6)","decl":{"start":{"line":132,"column":25},"end":{"line":132,"column":26}},"loc":{"start":{"line":132,"column":31},"end":{"line":135,"column":17}},"line":132},"7":{"name":"(anonymous_7)","decl":{"start":{"line":144,"column":25},"end":{"line":144,"column":26}},"loc":{"start":{"line":144,"column":31},"end":{"line":147,"column":17}},"line":144},"8":{"name":"(anonymous_8)","decl":{"start":{"line":156,"column":25},"end":{"line":156,"column":26}},"loc":{"start":{"line":156,"column":31},"end":{"line":159,"column":17}},"line":156},"9":{"name":"(anonymous_9)","decl":{"start":{"line":168,"column":25},"end":{"line":168,"column":26}},"loc":{"start":{"line":168,"column":31},"end":{"line":171,"column":17}},"line":168},"10":{"name":"(anonymous_10)","decl":{"start":{"line":180,"column":25},"end":{"line":180,"column":26}},"loc":{"start":{"line":180,"column":31},"end":{"line":183,"column":17}},"line":180},"11":{"name":"(anonymous_11)","decl":{"start":{"line":195,"column":25},"end":{"line":195,"column":26}},"loc":{"start":{"line":195,"column":31},"end":{"line":198,"column":17}},"line":195},"12":{"name":"(anonymous_12)","decl":{"start":{"line":207,"column":25},"end":{"line":207,"column":26}},"loc":{"start":{"line":207,"column":31},"end":{"line":210,"column":17}},"line":207},"13":{"name":"(anonymous_13)","decl":{"start":{"line":219,"column":25},"end":{"line":219,"column":26}},"loc":{"start":{"line":219,"column":31},"end":{"line":222,"column":17}},"line":219},"14":{"name":"(anonymous_14)","decl":{"start":{"line":232,"column":25},"end":{"line":232,"column":26}},"loc":{"start":{"line":232,"column":31},"end":{"line":235,"column":17}},"line":232},"15":{"name":"(anonymous_15)","decl":{"start":{"line":247,"column":25},"end":{"line":247,"column":26}},"loc":{"start":{"line":247,"column":31},"end":{"line":250,"column":17}},"line":247},"16":{"name":"(anonymous_16)","decl":{"start":{"line":259,"column":25},"end":{"line":259,"column":26}},"loc":{"start":{"line":259,"column":31},"end":{"line":262,"column":17}},"line":259},"17":{"name":"(anonymous_17)","decl":{"start":{"line":273,"column":25},"end":{"line":273,"column":26}},"loc":{"start":{"line":273,"column":31},"end":{"line":276,"column":17}},"line":273},"18":{"name":"(anonymous_18)","decl":{"start":{"line":286,"column":25},"end":{"line":286,"column":26}},"loc":{"start":{"line":286,"column":31},"end":{"line":289,"column":17}},"line":286},"19":{"name":"(anonymous_19)","decl":{"start":{"line":302,"column":25},"end":{"line":302,"column":26}},"loc":{"start":{"line":302,"column":31},"end":{"line":305,"column":17}},"line":302},"20":{"name":"(anonymous_20)","decl":{"start":{"line":314,"column":25},"end":{"line":314,"column":26}},"loc":{"start":{"line":314,"column":31},"end":{"line":317,"column":17}},"line":314},"21":{"name":"(anonymous_21)","decl":{"start":{"line":326,"column":25},"end":{"line":326,"column":26}},"loc":{"start":{"line":326,"column":31},"end":{"line":329,"column":17}},"line":326},"22":{"name":"(anonymous_22)","decl":{"start":{"line":338,"column":25},"end":{"line":338,"column":26}},"loc":{"start":{"line":338,"column":31},"end":{"line":341,"column":17}},"line":338}},"branchMap":{"0":{"loc":{"start":{"line":63,"column":4},"end":{"line":69,"column":5}},"type":"if","locations":[{"start":{"line":63,"column":4},"end":{"line":69,"column":5}},{"start":{"line":66,"column":11},"end":{"line":69,"column":5}}],"line":63},"1":{"loc":{"start":{"line":100,"column":10},"end":{"line":101,"column":70}},"type":"binary-expr","locations":[{"start":{"line":100,"column":11},"end":{"line":100,"column":23}},{"start":{"line":100,"column":27},"end":{"line":100,"column":69}},{"start":{"line":101,"column":11},"end":{"line":101,"column":23}},{"start":{"line":101,"column":27},"end":{"line":101,"column":69}}],"line":100}},"s":{"0":2,"1":16,"2":2,"3":16,"4":16,"5":16,"6":16,"7":4,"8":4,"9":4,"10":0,"11":0,"12":16,"13":4,"14":4,"15":16,"16":0,"17":0,"18":16,"19":1,"20":1,"21":0,"22":0,"23":0,"24":0,"25":0,"26":0,"27":0,"28":0,"29":0,"30":0,"31":0,"32":0,"33":0,"34":0,"35":0,"36":0,"37":0,"38":0,"39":0,"40":0,"41":0,"42":0,"43":0,"44":0,"45":0,"46":0,"47":0,"48":0,"49":0,"50":0,"51":0,"52":0,"53":0,"54":0},"f":{"0":16,"1":16,"2":4,"3":4,"4":0,"5":1,"6":0,"7":0,"8":0,"9":0,"10":0,"11":0,"12":0,"13":0,"14":0,"15":0,"16":0,"17":0,"18":0,"19":0,"20":0,"21":0,"22":0},"b":{"0":[4,0],"1":[16,11,5,5]},"_coverageSchema":"1a1c01bbd47fc00a2c39e90264f33305004495a9","hash":"170ee31c73a3a290653f57eb9d3fe9b10fcf639d"}
,"/home/manishv/Internship-files/React/blinkist/src/components/organisms/Header/Header.stories.tsx": {"path":"/home/manishv/Internship-files/React/blinkist/src/components/organisms/Header/Header.stories.tsx","statementMap":{"0":{"start":{"line":13,"column":48},"end":{"line":19,"column":3}},"1":{"start":{"line":14,"column":4},"end":{"line":18,"column":13}},"2":{"start":{"line":21,"column":22},"end":{"line":21,"column":39}}},"fnMap":{"0":{"name":"(anonymous_0)","decl":{"start":{"line":13,"column":48},"end":{"line":13,"column":49}},"loc":{"start":{"line":14,"column":4},"end":{"line":18,"column":13}},"line":14}},"branchMap":{},"s":{"0":0,"1":0,"2":0},"f":{"0":0},"b":{}}
,"/home/manishv/Internship-files/React/blinkist/src/components/organisms/Header/Header.tsx": {"path":"/home/manishv/Internship-files/React/blinkist/src/components/organisms/Header/Header.tsx","statementMap":{"0":{"start":{"line":17,"column":15},"end":{"line":128,"column":1}},"1":{"start":{"line":18,"column":19},"end":{"line":18,"column":32}},"2":{"start":{"line":21,"column":4},"end":{"line":21,"column":44}},"3":{"start":{"line":23,"column":28},"end":{"line":25,"column":3}},"4":{"start":{"line":24,"column":4},"end":{"line":24,"column":40}},"5":{"start":{"line":27,"column":29},"end":{"line":29,"column":3}},"6":{"start":{"line":28,"column":4},"end":{"line":28,"column":25}},"7":{"start":{"line":31,"column":2},"end":{"line":127,"column":4}},"8":{"start":{"line":98,"column":29},"end":{"line":98,"column":42}}},"fnMap":{"0":{"name":"(anonymous_0)","decl":{"start":{"line":17,"column":15},"end":{"line":17,"column":16}},"loc":{"start":{"line":17,"column":21},"end":{"line":128,"column":1}},"line":17},"1":{"name":"(anonymous_1)","decl":{"start":{"line":23,"column":28},"end":{"line":23,"column":29}},"loc":{"start":{"line":23,"column":70},"end":{"line":25,"column":3}},"line":23},"2":{"name":"(anonymous_2)","decl":{"start":{"line":27,"column":29},"end":{"line":27,"column":30}},"loc":{"start":{"line":27,"column":35},"end":{"line":29,"column":3}},"line":27},"3":{"name":"(anonymous_3)","decl":{"start":{"line":98,"column":23},"end":{"line":98,"column":24}},"loc":{"start":{"line":98,"column":29},"end":{"line":98,"column":42}},"line":98}},"branchMap":{},"s":{"0":1,"1":5,"2":5,"3":5,"4":0,"5":5,"6":0,"7":5,"8":1},"f":{"0":5,"1":0,"2":0,"3":1},"b":{},"_coverageSchema":"1a1c01bbd47fc00a2c39e90264f33305004495a9","hash":"aea7ff1efff6d5480c64958bf200ddb3385436a5"}
,"/home/manishv/Internship-files/React/blinkist/src/components/organisms/MyLibrary/MyLibrary.stories.tsx": {"path":"/home/manishv/Internship-files/React/blinkist/src/components/organisms/MyLibrary/MyLibrary.stories.tsx","statementMap":{"0":{"start":{"line":9,"column":49},"end":{"line":15,"column":1}},"1":{"start":{"line":10,"column":4},"end":{"line":14,"column":13}},"2":{"start":{"line":17,"column":21},"end":{"line":17,"column":38}}},"fnMap":{"0":{"name":"(anonymous_0)","decl":{"start":{"line":9,"column":49},"end":{"line":9,"column":50}},"loc":{"start":{"line":10,"column":4},"end":{"line":14,"column":13}},"line":10}},"branchMap":{},"s":{"0":0,"1":0,"2":0},"f":{"0":0},"b":{}}
,"/home/manishv/Internship-files/React/blinkist/src/components/organisms/MyLibrary/MyLibrary.tsx": {"path":"/home/manishv/Internship-files/React/blinkist/src/components/organisms/MyLibrary/MyLibrary.tsx","statementMap":{"0":{"start":{"line":18,"column":18},"end":{"line":88,"column":1}},"1":{"start":{"line":19,"column":20},"end":{"line":24,"column":4}},"2":{"start":{"line":25,"column":18},"end":{"line":25,"column":29}},"3":{"start":{"line":26,"column":19},"end":{"line":26,"column":32}},"4":{"start":{"line":27,"column":26},"end":{"line":27,"column":46}},"5":{"start":{"line":28,"column":36},"end":{"line":28,"column":55}},"6":{"start":{"line":29,"column":2},"end":{"line":36,"column":9}},"7":{"start":{"line":30,"column":22},"end":{"line":34,"column":5}},"8":{"start":{"line":31,"column":21},"end":{"line":31,"column":63}},"9":{"start":{"line":32,"column":19},"end":{"line":32,"column":40}},"10":{"start":{"line":33,"column":6},"end":{"line":33,"column":22}},"11":{"start":{"line":35,"column":4},"end":{"line":35,"column":16}},"12":{"start":{"line":37,"column":22},"end":{"line":39,"column":3}},"13":{"start":{"line":38,"column":4},"end":{"line":38,"column":24}},"14":{"start":{"line":41,"column":4},"end":{"line":51,"column":6}},"15":{"start":{"line":49,"column":22},"end":{"line":49,"column":40}},"16":{"start":{"line":54,"column":16},"end":{"line":72,"column":3}},"17":{"start":{"line":55,"column":4},"end":{"line":55,"column":22}},"18":{"start":{"line":56,"column":27},"end":{"line":56,"column":75}},"19":{"start":{"line":56,"column":49},"end":{"line":56,"column":74}},"20":{"start":{"line":58,"column":26},"end":{"line":58,"column":75}},"21":{"start":{"line":58,"column":48},"end":{"line":58,"column":74}},"22":{"start":{"line":59,"column":4},"end":{"line":71,"column":5}},"23":{"start":{"line":60,"column":6},"end":{"line":60,"column":34}},"24":{"start":{"line":62,"column":6},"end":{"line":70,"column":7}},"25":{"start":{"line":63,"column":8},"end":{"line":65,"column":11}},"26":{"start":{"line":64,"column":10},"end":{"line":64,"column":38}},"27":{"start":{"line":67,"column":8},"end":{"line":69,"column":11}},"28":{"start":{"line":68,"column":10},"end":{"line":68,"column":38}},"29":{"start":{"line":73,"column":2},"end":{"line":87,"column":4}}},"fnMap":{"0":{"name":"(anonymous_0)","decl":{"start":{"line":18,"column":18},"end":{"line":18,"column":19}},"loc":{"start":{"line":18,"column":24},"end":{"line":88,"column":1}},"line":18},"1":{"name":"(anonymous_1)","decl":{"start":{"line":29,"column":12},"end":{"line":29,"column":13}},"loc":{"start":{"line":29,"column":18},"end":{"line":36,"column":3}},"line":29},"2":{"name":"(anonymous_2)","decl":{"start":{"line":30,"column":22},"end":{"line":30,"column":23}},"loc":{"start":{"line":30,"column":34},"end":{"line":34,"column":5}},"line":30},"3":{"name":"(anonymous_3)","decl":{"start":{"line":37,"column":22},"end":{"line":37,"column":23}},"loc":{"start":{"line":37,"column":41},"end":{"line":39,"column":3}},"line":37},"4":{"name":"renderCard","decl":{"start":{"line":40,"column":11},"end":{"line":40,"column":21}},"loc":{"start":{"line":40,"column":36},"end":{"line":52,"column":3}},"line":40},"5":{"name":"(anonymous_5)","decl":{"start":{"line":49,"column":17},"end":{"line":49,"column":18}},"loc":{"start":{"line":49,"column":21},"end":{"line":49,"column":41}},"line":49},"6":{"name":"(anonymous_6)","decl":{"start":{"line":54,"column":16},"end":{"line":54,"column":17}},"loc":{"start":{"line":54,"column":22},"end":{"line":72,"column":3}},"line":54},"7":{"name":"(anonymous_7)","decl":{"start":{"line":56,"column":39},"end":{"line":56,"column":40}},"loc":{"start":{"line":56,"column":49},"end":{"line":56,"column":74}},"line":56},"8":{"name":"(anonymous_8)","decl":{"start":{"line":58,"column":38},"end":{"line":58,"column":39}},"loc":{"start":{"line":58,"column":48},"end":{"line":58,"column":74}},"line":58},"9":{"name":"(anonymous_9)","decl":{"start":{"line":63,"column":36},"end":{"line":63,"column":37}},"loc":{"start":{"line":63,"column":56},"end":{"line":65,"column":9}},"line":63},"10":{"name":"(anonymous_10)","decl":{"start":{"line":67,"column":35},"end":{"line":67,"column":36}},"loc":{"start":{"line":67,"column":55},"end":{"line":69,"column":9}},"line":67}},"branchMap":{"0":{"loc":{"start":{"line":59,"column":4},"end":{"line":71,"column":5}},"type":"if","locations":[{"start":{"line":59,"column":4},"end":{"line":71,"column":5}},{"start":{"line":61,"column":11},"end":{"line":71,"column":5}}],"line":59},"1":{"loc":{"start":{"line":62,"column":6},"end":{"line":70,"column":7}},"type":"if","locations":[{"start":{"line":62,"column":6},"end":{"line":70,"column":7}},{"start":{"line":66,"column":13},"end":{"line":70,"column":7}}],"line":62}},"s":{"0":0,"1":0,"2":0,"3":0,"4":0,"5":0,"6":0,"7":0,"8":0,"9":0,"10":0,"11":0,"12":0,"13":0,"14":0,"15":0,"16":0,"17":0,"18":0,"19":0,"20":0,"21":0,"22":0,"23":0,"24":0,"25":0,"26":0,"27":0,"28":0,"29":0},"f":{"0":0,"1":0,"2":0,"3":0,"4":0,"5":0,"6":0,"7":0,"8":0,"9":0,"10":0},"b":{"0":[0,0],"1":[0,0]}}
,"/home/manishv/Internship-files/React/blinkist/src/components/organisms/Tab/CustomTabs.tsx": {"path":"/home/manishv/Internship-files/React/blinkist/src/components/organisms/Tab/CustomTabs.tsx","statementMap":{"0":{"start":{"line":9,"column":28},"end":{"line":9,"column":53}},"1":{"start":{"line":11,"column":23},"end":{"line":14,"column":3}},"2":{"start":{"line":12,"column":4},"end":{"line":12,"column":23}},"3":{"start":{"line":13,"column":4},"end":{"line":13,"column":55}},"4":{"start":{"line":16,"column":2},"end":{"line":30,"column":4}}},"fnMap":{"0":{"name":"CustomTabs","decl":{"start":{"line":8,"column":24},"end":{"line":8,"column":34}},"loc":{"start":{"line":8,"column":47},"end":{"line":31,"column":1}},"line":8},"1":{"name":"(anonymous_1)","decl":{"start":{"line":11,"column":23},"end":{"line":11,"column":24}},"loc":{"start":{"line":11,"column":74},"end":{"line":14,"column":3}},"line":11}},"branchMap":{"0":{"loc":{"start":{"line":13,"column":4},"end":{"line":13,"column":54}},"type":"binary-expr","locations":[{"start":{"line":13,"column":4},"end":{"line":13,"column":22}},{"start":{"line":13,"column":26},"end":{"line":13,"column":54}}],"line":13}},"s":{"0":0,"1":0,"2":0,"3":0,"4":0},"f":{"0":0,"1":0},"b":{"0":[0,0]}}
,"/home/manishv/Internship-files/React/blinkist/src/components/organisms/Tab/Tab.stories.tsx": {"path":"/home/manishv/Internship-files/React/blinkist/src/components/organisms/Tab/Tab.stories.tsx","statementMap":{"0":{"start":{"line":12,"column":46},"end":{"line":16,"column":3}},"1":{"start":{"line":13,"column":4},"end":{"line":15,"column":26}},"2":{"start":{"line":18,"column":20},"end":{"line":18,"column":37}},"3":{"start":{"line":20,"column":0},"end":{"line":22,"column":1}}},"fnMap":{"0":{"name":"(anonymous_0)","decl":{"start":{"line":12,"column":46},"end":{"line":12,"column":47}},"loc":{"start":{"line":13,"column":4},"end":{"line":15,"column":26}},"line":13}},"branchMap":{},"s":{"0":0,"1":0,"2":0,"3":0},"f":{"0":0},"b":{}}
}
