TN:
SF:src/App.tsx
FN:8,App
FNF:1
FNH:0
FNDA:0,App
DA:9,0
LF:1
LH:0
BRF:0
BRH:0
end_of_record
TN:
SF:src/CustomThemeProvider.tsx
FN:8,CustomThemeProvider
FNF:1
FNH:0
FNDA:0,CustomThemeProvider
DA:9,0
LF:1
LH:0
BRF:0
BRH:0
end_of_record
TN:
SF:src/Theme.ts
FNF:0
FNH:0
DA:3,0
LF:1
LH:0
BRF:0
BRH:0
end_of_record
TN:
SF:src/index.tsx
FNF:0
FNH:0
DA:7,0
DA:17,0
LF:2
LH:0
BRF:0
BRH:0
end_of_record
TN:
SF:src/reportWebVitals.ts
FN:3,(anonymous_0)
FN:5,(anonymous_1)
FNF:2
FNH:0
FNDA:0,(anonymous_0)
FNDA:0,(anonymous_1)
DA:3,0
DA:4,0
DA:5,0
DA:6,0
DA:7,0
DA:8,0
DA:9,0
DA:10,0
LF:8
LH:0
BRDA:4,0,0,0
BRDA:4,0,1,0
BRDA:4,1,0,0
BRDA:4,1,1,0
BRF:4
BRH:0
end_of_record
TN:
SF:src/BasicTemplate/BasicTemplate.stories.tsx
FN:8,(anonymous_0)
FNF:1
FNH:0
FNDA:0,(anonymous_0)
DA:8,0
DA:10,0
DA:14,0
LF:3
LH:0
BRF:0
BRH:0
end_of_record
TN:
SF:src/BasicTemplate/BasicTemplate.tsx
FN:2,BasicTemplate
FNF:1
FNH:0
FNDA:0,BasicTemplate
DA:3,0
LF:1
LH:0
BRF:0
BRH:0
end_of_record
TN:
SF:src/components/Pages/BookDetailsPage/BookDetailsPage.stories.tsx
FN:9,(anonymous_0)
FNF:1
FNH:0
FNDA:0,(anonymous_0)
DA:9,0
DA:10,0
DA:17,0
LF:3
LH:0
BRF:0
BRH:0
end_of_record
TN:
SF:src/components/Pages/BookDetailsPage/BookDetailsPage.tsx
FN:4,BookDetailsPage
FNF:1
FNH:1
FNDA:3,BookDetailsPage
DA:5,3
LF:1
LH:1
BRF:0
BRH:0
end_of_record
TN:
SF:src/components/Pages/EnterpreneurshipPage/EnterpreneurshipPage.stories.tsx
FN:9,(anonymous_0)
FNF:1
FNH:0
FNDA:0,(anonymous_0)
DA:9,0
DA:10,0
DA:17,0
LF:3
LH:0
BRF:0
BRH:0
end_of_record
TN:
SF:src/components/Pages/EnterpreneurshipPage/EnterpreneurshipPage.tsx
FN:5,EnterpreneurshipPage
FNF:1
FNH:0
FNDA:0,EnterpreneurshipPage
DA:6,0
LF:1
LH:0
BRF:0
BRH:0
end_of_record
TN:
SF:src/components/Pages/MyLibraryPage/MyLibraryPage.stories.tsx
FN:9,(anonymous_0)
FNF:1
FNH:0
FNDA:0,(anonymous_0)
DA:9,0
DA:10,0
DA:17,0
LF:3
LH:0
BRF:0
BRH:0
end_of_record
TN:
SF:src/components/Pages/MyLibraryPage/MyLibraryPage.tsx
FN:5,MyLibraryPage
FNF:1
FNH:0
FNDA:0,MyLibraryPage
DA:6,0
LF:1
LH:0
BRF:0
BRH:0
end_of_record
TN:
SF:src/components/Template/Template.tsx
FN:4,Template
FNF:1
FNH:1
FNDA:3,Template
DA:5,3
LF:1
LH:1
BRF:0
BRH:0
end_of_record
TN:
SF:src/components/atoms/Avatar/Avatar.stories.tsx
FN:9,(anonymous_0)
FNF:1
FNH:0
FNDA:0,(anonymous_0)
DA:9,0
DA:11,0
LF:2
LH:0
BRF:0
BRH:0
end_of_record
TN:
SF:src/components/atoms/Avatar/CustomAvatar.tsx
FN:4,CustomAvatar
FNF:1
FNH:1
FNDA:1,CustomAvatar
DA:5,1
LF:1
LH:1
BRF:0
BRH:0
end_of_record
TN:
SF:src/components/atoms/Button/Button.stories.tsx
FN:9,(anonymous_0)
FNF:1
FNH:0
FNDA:0,(anonymous_0)
DA:9,0
DA:10,0
DA:16,0
DA:17,0
LF:4
LH:0
BRF:0
BRH:0
end_of_record
TN:
SF:src/components/atoms/Button/CustomButton.tsx
FN:2,CustomButton
FNF:1
FNH:1
FNDA:110,CustomButton
DA:3,110
LF:1
LH:1
BRF:0
BRH:0
end_of_record
TN:
SF:src/components/atoms/Logo/Logo.stories.tsx
FN:8,(anonymous_0)
FNF:1
FNH:0
FNDA:0,(anonymous_0)
DA:8,0
LF:1
LH:0
BRF:0
BRH:0
end_of_record
TN:
SF:src/components/atoms/Logo/Logo.tsx
FN:7,Logo
FNF:1
FNH:1
FNDA:14,Logo
DA:8,14
LF:1
LH:1
BRF:0
BRH:0
end_of_record
TN:
SF:src/components/atoms/Search/CustomSearch.tsx
FN:8,(anonymous_0)
FNF:1
FNH:1
FNDA:20,(anonymous_0)
DA:8,3
DA:9,20
LF:2
LH:2
BRF:0
BRH:0
end_of_record
TN:
SF:src/components/atoms/Search/Search.stories.tsx
FN:9,(anonymous_0)
FNF:1
FNH:0
FNDA:0,(anonymous_0)
DA:9,0
DA:11,0
LF:2
LH:0
BRF:0
BRH:0
end_of_record
TN:
SF:src/components/atoms/typography/Typography.stories.tsx
FN:12,(anonymous_0)
FNF:1
FNH:0
FNDA:0,(anonymous_0)
DA:12,0
DA:14,0
DA:17,0
LF:3
LH:0
BRF:0
BRH:0
end_of_record
TN:
SF:src/components/atoms/typography/Typographys.tsx
FN:9,Typographys
FNF:1
FNH:1
FNDA:1056,Typographys
DA:10,1056
LF:1
LH:1
BRF:0
BRH:0
end_of_record
TN:
SF:src/components/molecules/Banner/Banner.stories.tsx
FN:9,(anonymous_0)
FNF:1
FNH:0
FNDA:0,(anonymous_0)
DA:9,0
DA:10,0
DA:15,0
LF:3
LH:0
BRF:0
BRH:0
end_of_record
TN:
SF:src/components/molecules/Banner/Banner.tsx
FN:5,Banner
FNF:1
FNH:1
FNDA:3,Banner
DA:6,3
DA:35,3
DA:36,3
LF:3
LH:3
BRF:0
BRH:0
end_of_record
TN:
SF:src/components/molecules/Card/Card.stories.tsx
FN:9,(anonymous_0)
FNF:1
FNH:0
FNDA:0,(anonymous_0)
DA:9,0
DA:10,0
DA:17,0
DA:18,0
DA:24,0
DA:25,0
DA:31,0
DA:32,0
LF:8
LH:0
BRF:0
BRH:0
end_of_record
TN:
SF:src/components/molecules/Card/Card.tsx
FN:26,(anonymous_0)
FNF:1
FNH:1
FNDA:33,(anonymous_0)
DA:26,3
DA:28,33
DA:50,33
DA:51,33
LF:4
LH:4
BRDA:73,0,0,33
BRDA:73,0,1,13
BRDA:87,1,0,33
BRDA:87,1,1,13
BRDA:108,2,0,33
BRDA:108,2,1,7
BRF:6
BRH:6
end_of_record
TN:
SF:src/components/molecules/Footer/Footer.stories.tsx
FN:13,(anonymous_0)
FNF:1
FNH:0
FNDA:0,(anonymous_0)
DA:13,0
DA:14,0
DA:21,0
LF:3
LH:0
BRF:0
BRH:0
end_of_record
TN:
SF:src/components/molecules/Footer/Footer.tsx
FN:5,(anonymous_0)
FNF:1
FNH:1
FNDA:5,(anonymous_0)
DA:5,2
DA:6,5
DA:36,5
DA:37,5
LF:4
LH:4
BRF:0
BRH:0
end_of_record
TN:
SF:src/components/organisms/BookDetails/BookDetails.stories.tsx
FN:9,(anonymous_0)
FNF:1
FNH:0
FNDA:0,(anonymous_0)
DA:9,0
DA:10,0
DA:17,0
LF:3
LH:0
BRF:0
BRH:0
end_of_record
TN:
SF:src/components/organisms/BookDetails/BookDetails.tsx
FN:13,BookDetails
FN:50,(anonymous_1)
FN:62,(anonymous_2)
FNF:3
FNH:3
FNDA:13,BookDetails
FNDA:1,(anonymous_1)
FNDA:2,(anonymous_2)
DA:14,13
DA:15,13
DA:48,13
DA:49,13
DA:50,13
DA:51,1
DA:52,1
DA:53,0
DA:54,0
DA:55,0
DA:60,0
DA:62,13
DA:63,2
DA:65,13
LF:14
LH:10
BRF:0
BRH:0
end_of_record
TN:
SF:src/components/organisms/Enterpreneurship/Enterpreneurship.stories.tsx
FN:9,(anonymous_0)
FNF:1
FNH:0
FNDA:0,(anonymous_0)
DA:9,0
DA:10,0
DA:17,0
LF:3
LH:0
BRF:0
BRH:0
end_of_record
TN:
SF:src/components/organisms/Enterpreneurship/Enterpreneurship.tsx
FN:20,(anonymous_0)
FN:35,(anonymous_1)
FN:36,(anonymous_2)
FN:48,(anonymous_3)
FN:53,(anonymous_4)
FN:58,(anonymous_5)
FN:67,(anonymous_6)
FNF:7
FNH:7
FNDA:13,(anonymous_0)
FNDA:6,(anonymous_1)
FNDA:6,(anonymous_2)
FNDA:1,(anonymous_3)
FNDA:13,(anonymous_4)
FNDA:14,(anonymous_5)
FNDA:1,(anonymous_6)
DA:20,1
DA:21,13
DA:22,13
DA:31,13
DA:32,13
DA:33,13
DA:34,13
DA:35,13
DA:36,6
DA:37,6
DA:39,6
DA:40,1
DA:42,6
DA:44,6
DA:46,6
DA:48,13
DA:49,1
DA:53,13
DA:55,13
DA:56,0
DA:58,13
DA:59,14
DA:68,1
DA:69,1
DA:77,13
LF:25
LH:24
BRDA:39,0,0,1
BRDA:39,0,1,5
BRDA:55,1,0,0
BRDA:55,1,1,13
BRF:4
BRH:3
end_of_record
TN:
SF:src/components/organisms/Explore/Explore.stories.tsx
FN:13,(anonymous_0)
FNF:1
FNH:0
FNDA:0,(anonymous_0)
DA:13,0
DA:14,0
DA:21,0
LF:3
LH:0
BRF:0
BRH:0
end_of_record
TN:
SF:src/components/organisms/Explore/Explore.tsx
FN:38,(anonymous_0)
FN:57,(anonymous_1)
FN:62,(anonymous_2)
FN:71,(anonymous_3)
FN:76,(anonymous_4)
FN:120,(anonymous_5)
FN:132,(anonymous_6)
FN:144,(anonymous_7)
FN:156,(anonymous_8)
FN:168,(anonymous_9)
FN:180,(anonymous_10)
FN:195,(anonymous_11)
FN:207,(anonymous_12)
FN:219,(anonymous_13)
FN:232,(anonymous_14)
FN:247,(anonymous_15)
FN:259,(anonymous_16)
FN:273,(anonymous_17)
FN:286,(anonymous_18)
FN:302,(anonymous_19)
FN:314,(anonymous_20)
FN:326,(anonymous_21)
FN:338,(anonymous_22)
FNF:23
FNH:22
FNDA:42,(anonymous_0)
FNDA:42,(anonymous_1)
FNDA:6,(anonymous_2)
FNDA:6,(anonymous_3)
FNDA:0,(anonymous_4)
FNDA:2,(anonymous_5)
FNDA:1,(anonymous_6)
FNDA:1,(anonymous_7)
FNDA:1,(anonymous_8)
FNDA:1,(anonymous_9)
FNDA:1,(anonymous_10)
FNDA:1,(anonymous_11)
FNDA:1,(anonymous_12)
FNDA:1,(anonymous_13)
FNDA:1,(anonymous_14)
FNDA:1,(anonymous_15)
FNDA:1,(anonymous_16)
FNDA:1,(anonymous_17)
FNDA:1,(anonymous_18)
FNDA:1,(anonymous_19)
FNDA:1,(anonymous_20)
FNDA:1,(anonymous_21)
FNDA:1,(anonymous_22)
DA:30,3
DA:39,42
DA:57,3
DA:58,42
DA:59,42
DA:60,42
DA:62,42
DA:63,6
DA:64,6
DA:65,6
DA:67,0
DA:68,0
DA:71,42
DA:72,6
DA:73,6
DA:76,42
DA:77,0
DA:78,0
DA:80,42
DA:121,2
DA:122,2
DA:133,1
DA:134,1
DA:145,1
DA:146,1
DA:157,1
DA:158,1
DA:169,1
DA:170,1
DA:181,1
DA:182,1
DA:196,1
DA:197,1
DA:208,1
DA:209,1
DA:220,1
DA:221,1
DA:233,1
DA:234,1
DA:248,1
DA:249,1
DA:260,1
DA:261,1
DA:274,1
DA:275,1
DA:287,1
DA:288,1
DA:303,1
DA:304,1
DA:315,1
DA:316,1
DA:327,1
DA:328,1
DA:339,1
DA:340,1
LF:55
LH:51
BRDA:63,0,0,6
BRDA:63,0,1,0
BRDA:100,1,0,42
BRDA:100,1,1,17
BRDA:100,1,2,25
BRDA:100,1,3,25
BRF:6
BRH:5
end_of_record
TN:
SF:src/components/organisms/Header/Header.stories.tsx
FN:13,(anonymous_0)
FNF:1
FNH:0
FNDA:0,(anonymous_0)
DA:13,0
DA:14,0
DA:21,0
LF:3
LH:0
BRF:0
BRH:0
end_of_record
TN:
SF:src/components/organisms/Header/Header.tsx
FN:17,(anonymous_0)
FN:23,(anonymous_1)
FN:27,(anonymous_2)
FN:98,(anonymous_3)
FNF:4
FNH:2
FNDA:8,(anonymous_0)
FNDA:0,(anonymous_1)
FNDA:0,(anonymous_2)
FNDA:1,(anonymous_3)
DA:17,2
DA:18,8
DA:21,8
DA:23,8
DA:24,0
DA:27,8
DA:28,0
DA:31,8
DA:98,1
LF:9
LH:7
BRF:0
BRH:0
end_of_record
TN:
SF:src/components/organisms/MyLibrary/MyLibrary.stories.tsx
FN:9,(anonymous_0)
FNF:1
FNH:0
FNDA:0,(anonymous_0)
DA:9,0
DA:10,0
DA:17,0
LF:3
LH:0
BRF:0
BRH:0
end_of_record
TN:
SF:src/components/organisms/MyLibrary/MyLibrary.tsx
FN:19,(anonymous_0)
FN:30,(anonymous_1)
FN:31,(anonymous_2)
FN:37,(anonymous_3)
FN:40,renderCard
FN:49,(anonymous_5)
FN:54,(anonymous_6)
FN:55,(anonymous_7)
FN:57,(anonymous_8)
FN:62,(anonymous_9)
FN:66,(anonymous_10)
FNF:11
FNH:11
FNDA:17,(anonymous_0)
FNDA:7,(anonymous_1)
FNDA:7,(anonymous_2)
FNDA:2,(anonymous_3)
FNDA:18,renderCard
FNDA:1,(anonymous_5)
FNDA:17,(anonymous_6)
FNDA:40,(anonymous_7)
FNDA:40,(anonymous_8)
FNDA:12,(anonymous_9)
FNDA:6,(anonymous_10)
DA:19,1
DA:20,17
DA:26,17
DA:27,17
DA:28,17
DA:29,17
DA:30,17
DA:31,7
DA:32,7
DA:33,7
DA:35,7
DA:37,17
DA:38,2
DA:41,18
DA:49,1
DA:54,17
DA:55,40
DA:57,40
DA:58,17
DA:59,0
DA:61,17
DA:62,13
DA:63,12
DA:66,4
DA:67,6
DA:72,17
LF:26
LH:25
BRDA:58,0,0,0
BRDA:58,0,1,17
BRDA:61,1,0,13
BRDA:61,1,1,4
BRF:4
BRH:3
end_of_record
TN:
SF:src/components/organisms/Tab/CustomTabs.tsx
FN:8,CustomTabs
FN:11,(anonymous_1)
FNF:2
FNH:2
FNDA:25,CustomTabs
FNDA:4,(anonymous_1)
DA:9,25
DA:11,25
DA:12,4
DA:13,4
DA:16,25
LF:5
LH:5
BRDA:13,0,0,4
BRDA:13,0,1,2
BRF:2
BRH:2
end_of_record
TN:
SF:src/components/organisms/Tab/Tab.stories.tsx
FN:12,(anonymous_0)
FNF:1
FNH:0
FNDA:0,(anonymous_0)
DA:12,0
DA:13,0
DA:18,0
DA:20,0
LF:4
LH:0
BRF:0
BRH:0
end_of_record
